
The following have been reloaded with a version change:
  1) java/13.0.2 => java/17.0.2

Picked up JAVA_TOOL_OPTIONS: -Xmx2g
Opening log file:  /tmp/java.log.63066

                            < M A T L A B (R) >
                  Copyright 1984-2021 The MathWorks, Inc.
             R2021a Update 5 (9.10.0.1739362) 64-bit (glnxa64)
                               August 9, 2021

 
To get started, type doc.
For product information, visit www.mathworks.com.
 

rhash =

    'Z99aaa111bb'


task_name =

    'HairTouch'

[info] Loaded model RSA_Z94byi642sy from file FSModel_GHJoint_Z94byi642sy.osim
[warning] Couldn't find file 'thorax.vtp'.
[warning] Couldn't find file 'hat_spine.vtp'.
[warning] Couldn't find file 'clavicle.vtp'.
[warning] Couldn't find file 'm3_-3_m7_-3_downsample.stl'.
[warning] Couldn't find file 'gle_Z94byi642sy.stl'.
[warning] Couldn't find file 'humerus_resected_manifold_closed.stl'.
[warning] Couldn't find file 'cup_Z94byi642sy.stl'.
[warning] Couldn't find file 'ulna.vtp'.
[warning] Couldn't find file 'radius.vtp'.
[warning] Couldn't find file 'pisiform.vtp'.
[warning] Couldn't find file 'scaphoid.vtp'.
[warning] Couldn't find file 'triquetrum.vtp'.
[warning] Couldn't find file 'hamate.vtp'.
[warning] Couldn't find file 'capitate.vtp'.
[warning] Couldn't find file 'trapezoid.vtp'.
[warning] Couldn't find file 'trapezium.vtp'.
[warning] Couldn't find file '1mc.vtp'.
[warning] Couldn't find file '2mc.vtp'.
[warning] Couldn't find file '3mc.vtp'.
[warning] Couldn't find file '4mc.vtp'.
[warning] Couldn't find file '5mc.vtp'.
[warning] Couldn't find file 'thumbprox.vtp'.
[warning] Couldn't find file 'thumbdist.vtp'.
[warning] Couldn't find file '2proxph.vtp'.
[warning] Couldn't find file '2midph.vtp'.
[warning] Couldn't find file '2distph.vtp'.
[warning] Couldn't find file '3proxph.vtp'.
[warning] Couldn't find file '3midph.vtp'.
[warning] Couldn't find file '3distph.vtp'.
[warning] Couldn't find file '4proxph.vtp'.
[warning] Couldn't find file '4midph.vtp'.
[warning] Couldn't find file '4distph.vtp'.
[warning] Couldn't find file '5proxph.vtp'.
[warning] Couldn't find file '5midph.vtp'.
[warning] Couldn't find file '5distph.vtp'.
[warning] Couldn't find file 'lunate.vtp'.
I'm running
[info] ========================================================================
[info] MocoCasADiSolver starting.
[info] Mon 16 Jan 2023 03:52:41 PM EST
[info] ------------------------------------------------------------------------
Costs: (total: 3)
  time. MocoFinalTimeGoal, enabled: true, mode: cost, weight: 1.0
  marker_MiddleFinger. MocoMarkerFinalGoal, enabled: true, mode: cost, weight: 60.0
        point name: /markerset/MiddleFinger
        reference location: ~[-0.0498989,0.288764,0]
  effort. MocoControlGoal, enabled: true, mode: cost, weight: 10.0
        control: /elv_angle_reserve, weight: 1.0
        control: /shoulder_elv_reserve, weight: 1.0
        control: /shoulder_rot_reserve, weight: 1.0
        control: /elbow_flexion_torque, weight: 1.0
        control: /pro_sup_torque, weight: 1.0
        control: /forceset/LVS, weight: 1.0
        control: /forceset/TRP1, weight: 1.0
        control: /forceset/TRP2, weight: 1.0
        control: /forceset/TRP3, weight: 1.0
        control: /forceset/TRP4, weight: 1.0
        control: /forceset/RMN, weight: 1.0
        control: /forceset/RMJ1, weight: 1.0
        control: /forceset/RMJ2, weight: 1.0
        control: /forceset/SRA1, weight: 1.0
        control: /forceset/SRA2, weight: 1.0
        control: /forceset/SRA3, weight: 1.0
        control: /forceset/SBCL, weight: 1.0
        control: /forceset/PMN, weight: 1.0
        control: /forceset/DELT1, weight: 1.0
        control: /forceset/DELT2, weight: 1.0
        control: /forceset/DELT3, weight: 1.0
        control: /forceset/TMAJ, weight: 1.0
        control: /forceset/PECM1, weight: 1.0
        control: /forceset/PECM2, weight: 1.0
        control: /forceset/PECM3, weight: 1.0
        control: /forceset/LAT, weight: 1.0
        control: /forceset/CORB, weight: 1.0
Endpoint constraints: none
Kinematic constraints: (total: 17)
  kinematic_constraint_cid0. MocoConstraintInfo. number of scalar equations: 3. bounds: 0, 0, 0
  kinematic_constraint_cid1. MocoConstraintInfo. number of scalar equations: 3. bounds: 0, 0, 0
  kinematic_constraint_cid2. MocoConstraintInfo. number of scalar equations: 3. bounds: 0, 0, 0
  kinematic_constraint_cid3. MocoConstraintInfo. number of scalar equations: 3. bounds: 0, 0, 0
  kinematic_constraint_cid4. MocoConstraintInfo. number of scalar equations: 3. bounds: 0, 0, 0
  kinematic_constraint_cid5. MocoConstraintInfo. number of scalar equations: 3. bounds: 0, 0, 0
  kinematic_constraint_cid22. MocoConstraintInfo. number of scalar equations: 3. bounds: 0, 0, 0
  kinematic_constraint_cid23. MocoConstraintInfo. number of scalar equations: 3. bounds: 0, 0, 0
  kinematic_constraint_cid24. MocoConstraintInfo. number of scalar equations: 3. bounds: 0, 0, 0
  kinematic_constraint_cid25. MocoConstraintInfo. number of scalar equations: 3. bounds: 0, 0, 0
  kinematic_constraint_cid26. MocoConstraintInfo. number of scalar equations: 3. bounds: 0, 0, 0
  kinematic_constraint_cid27. MocoConstraintInfo. number of scalar equations: 3. bounds: 0, 0, 0
  kinematic_constraint_cid28. MocoConstraintInfo. number of scalar equations: 3. bounds: 0, 0, 0
  kinematic_constraint_cid29. MocoConstraintInfo. number of scalar equations: 3. bounds: 0, 0, 0
  kinematic_constraint_cid30. MocoConstraintInfo. number of scalar equations: 3. bounds: 0, 0, 0
  kinematic_constraint_cid31. MocoConstraintInfo. number of scalar equations: 3. bounds: 0, 0, 0
  kinematic_constraint_cid32. MocoConstraintInfo. number of scalar equations: 3. bounds: 0, 0, 0
Path constraints: none
States: (total: 88)
  /jointset/shoulder1/shoulder1_r2/value. bounds: [-99999.9, 99999.9]
  /jointset/unrothum/unrothum_r1/value. bounds: [-99999.9, 99999.9]
  /jointset/acromioclavicular/acromioclavicular_r3/value. bounds: [-99999.9, 99999.9]
  /jointset/acromioclavicular/acromioclavicular_r2/value. bounds: [-99999.9, 99999.9]
  /jointset/unrotscap/unrotscap_r2/value. bounds: [-99999.9, 99999.9]
  /jointset/unrotscap/unrotscap_r3/value. bounds: [-99999.9, 99999.9]
  /jointset/sternoclavicular/sternoclavicular_r3/value. bounds: [-99999.9, 99999.9]
  /jointset/unrothum/unrothum_r2/value. bounds: [-99999.9, 99999.9]
  /forceset/LAT/normalized_tendon_force. bounds: [0, 5]
  /forceset/PECM3/normalized_tendon_force. bounds: [0, 5]
  /forceset/PECM2/normalized_tendon_force. bounds: [0, 5]
  /forceset/PECM1/normalized_tendon_force. bounds: [0, 5]
  /forceset/TMAJ/normalized_tendon_force. bounds: [0, 5]
  /forceset/DELT3/normalized_tendon_force. bounds: [0, 5]
  /forceset/DELT2/normalized_tendon_force. bounds: [0, 5]
  /forceset/SBCL/normalized_tendon_force. bounds: [0, 5]
  /jointset/sternoclavicular/sternoclavicular_r2/value. bounds: [-99999.9, 99999.9]
  /forceset/SRA3/normalized_tendon_force. bounds: [0, 5]
  /forceset/SRA1/normalized_tendon_force. bounds: [0, 5]
  /forceset/RMJ1/normalized_tendon_force. bounds: [0, 5]
  /forceset/TRP3/normalized_tendon_force. bounds: [0, 5]
  /forceset/TRP2/normalized_tendon_force. bounds: [0, 5]
  /forceset/TRP1/normalized_tendon_force. bounds: [0, 5]
  /jointset/ground_thorax/thorax_list/value. bounds: 0 initial: 0 final: 0
  /jointset/elbow/elbow_flexion/value. bounds: [0, 2.26893] initial: 0
  /forceset/RMN/normalized_tendon_force. bounds: [0, 5]
  /jointset/shoulder1/shoulder_elv/value. bounds: [0, 2.15286] initial: 0 final: [1.69742, 2.08071]
  /jointset/ground_thorax/thorax_tilt/value. bounds: 0 initial: 0 final: 0
  /forceset/PECM3/activation. bounds: [0.01, 1] initial: 0.01
  /forceset/PECM2/activation. bounds: [0.01, 1] initial: 0.01
  /forceset/PECM1/activation. bounds: [0.01, 1] initial: 0.01
  /jointset/ground_thorax/thorax_ty/value. bounds: 0 initial: 0 final: 0
  /forceset/TMAJ/activation. bounds: [0.01, 1] initial: 0.01
  /jointset/acromioclavicular/acromioclavicular_r1/value. bounds: [-99999.9, 99999.9]
  /jointset/ground_thorax/thorax_tx/value. bounds: 0 initial: 0 final: 0
  /jointset/shoulder2/shoulder_rot/value. bounds: [-1.25941, 0.475999] initial: 0 final: [-0.867789, -0.458271]
  /forceset/DELT3/activation. bounds: [0.01, 1] initial: 0.01
  /forceset/DELT2/activation. bounds: [0.01, 1] initial: 0.01
  /forceset/DELT1/activation. bounds: [0.01, 1] initial: 0.01
  /forceset/PMN/activation. bounds: [0.01, 1] initial: 0.01
  /forceset/SRA3/activation. bounds: [0.01, 1] initial: 0.01
  /forceset/TRP4/normalized_tendon_force. bounds: [0, 5]
  /jointset/ground_thorax/thorax_rotation/value. bounds: 0 initial: 0 final: 0
  /forceset/SRA2/activation. bounds: [0.01, 1] initial: 0.01
  /forceset/SRA1/activation. bounds: [0.01, 1] initial: 0.01
  /forceset/RMJ2/activation. bounds: [0.01, 1] initial: 0.01
  /jointset/unrothum/unrothum_r3/value. bounds: [-99999.9, 99999.9]
  /forceset/CORB/normalized_tendon_force. bounds: [0, 5]
  /forceset/PMN/normalized_tendon_force. bounds: [0, 5]
  /forceset/SRA2/normalized_tendon_force. bounds: [0, 5]
  /forceset/RMJ1/activation. bounds: [0.01, 1] initial: 0.01
  /forceset/RMN/activation. bounds: [0.01, 1] initial: 0.01
  /forceset/TRP4/activation. bounds: [0.01, 1] initial: 0.01
  /forceset/TRP3/activation. bounds: [0.01, 1] initial: 0.01
  /forceset/TRP2/activation. bounds: [0.01, 1] initial: 0.01
  /jointset/radioulnar/pro_sup/value. bounds: [-1.5708, 1.5708] initial: 0
  /forceset/LVS/activation. bounds: [0.01, 1] initial: 0.01
  /jointset/radioulnar/pro_sup/speed. bounds: [-50, 50] initial: 0 final: 0
  /jointset/elbow/elbow_flexion/speed. bounds: [-50, 50] initial: 0 final: 0
  /forceset/DELT1/normalized_tendon_force. bounds: [0, 5]
  /jointset/shoulder1/shoulder1_r2/speed. bounds: [-50, 50] initial: 0 final: 0
  /jointset/shoulder1/shoulder_elv/speed. bounds: [-50, 50] initial: 0 final: 0
  /jointset/shoulder0/elv_angle/speed. bounds: [-50, 50] initial: 0 final: 0
  /forceset/TRP1/activation. bounds: [0.01, 1] initial: 0.01
  /jointset/unrothum/unrothum_r2/speed. bounds: [-50, 50] initial: 0 final: 0
  /forceset/SBCL/activation. bounds: [0.01, 1] initial: 0.01
  /jointset/unrothum/unrothum_r3/speed. bounds: [-50, 50] initial: 0 final: 0
  /forceset/CORB/activation. bounds: [0.01, 1] initial: 0.01
  /jointset/unrothum/unrothum_r1/speed. bounds: [-50, 50] initial: 0 final: 0
  /forceset/LVS/normalized_tendon_force. bounds: [0, 5]
  /jointset/acromioclavicular/acromioclavicular_r3/speed. bounds: [-50, 50] initial: 0 final: 0
  /jointset/acromioclavicular/acromioclavicular_r1/speed. bounds: [-50, 50] initial: 0 final: 0
  /jointset/acromioclavicular/acromioclavicular_r2/speed. bounds: [-50, 50] initial: 0 final: 0
  /jointset/unrotscap/unrotscap_r2/speed. bounds: [-50, 50] initial: 0 final: 0
  /jointset/shoulder0/elv_angle/value. bounds: [-0.71106, 1.05851] initial: 0
  /jointset/unrotscap/unrotscap_r3/speed. bounds: [-50, 50] initial: 0 final: 0
  /forceset/LAT/activation. bounds: [0.01, 1] initial: 0.01
  /jointset/sternoclavicular/sternoclavicular_r3/speed. bounds: [-50, 50] initial: 0 final: 0
  /jointset/shoulder2/shoulder_rot/speed. bounds: [-50, 50] initial: 0 final: 0
  /jointset/sternoclavicular/sternoclavicular_r2/speed. bounds: [-50, 50] initial: 0 final: 0
  /jointset/ground_thorax/thorax_tz/speed. bounds: 0 initial: 0 final: 0
  /forceset/RMJ2/normalized_tendon_force. bounds: [0, 5]
  /jointset/ground_thorax/thorax_ty/speed. bounds: 0 initial: 0 final: 0
  /jointset/ground_thorax/thorax_tx/speed. bounds: 0 initial: 0 final: 0
  /jointset/ground_thorax/thorax_rotation/speed. bounds: 0 initial: 0 final: 0
  /jointset/ground_thorax/thorax_list/speed. bounds: 0 initial: 0 final: 0
  /jointset/ground_thorax/thorax_tz/value. bounds: 0 initial: 0 final: 0
  /jointset/ground_thorax/thorax_tilt/speed. bounds: 0 initial: 0 final: 0
Controls: (total: 27)
  /forceset/CORB. bounds: [0, 1]
  /forceset/PECM2. bounds: [0, 1]
  /forceset/TMAJ. bounds: [0, 1]
  /forceset/DELT1. bounds: [0, 1]
  /forceset/PMN. bounds: [0, 1]
  /forceset/SBCL. bounds: [0, 1]
  /forceset/SRA2. bounds: [0, 1]
  /forceset/SRA1. bounds: [0, 1]
  /forceset/DELT3. bounds: [0, 1]
  /forceset/RMN. bounds: [0, 1]
  /forceset/LAT. bounds: [0, 1]
  /forceset/DELT2. bounds: [0, 1]
  /forceset/RMJ2. bounds: [0, 1]
  /forceset/TRP4. bounds: [0, 1]
  /forceset/TRP3. bounds: [0, 1]
  /forceset/TRP1. bounds: [0, 1]
  /forceset/LVS. bounds: [0, 1]
  /forceset/RMJ1. bounds: [0, 1]
  /pro_sup_torque. bounds: [-inf, inf]
  /elbow_flexion_torque. bounds: [-inf, inf]
  /forceset/PECM3. bounds: [0, 1]
  /forceset/SRA3. bounds: [0, 1]
  /forceset/TRP2. bounds: [0, 1]
  /shoulder_rot_reserve. bounds: [-inf, inf]
  /shoulder_elv_reserve. bounds: [-inf, inf]
  /forceset/PECM1. bounds: [0, 1]
  /elv_angle_reserve. bounds: [-inf, inf]
Parameters: none
[info] Number of threads: 64

List of user-set options:

                                    Name   Value                used
                acceptable_compl_inf_tol = 0.1                   yes
              acceptable_constr_viol_tol = 0.001                 yes
                 acceptable_dual_inf_tol = 0.1                   yes
                          acceptable_tol = 0.1                   yes
                           compl_inf_tol = 0.1                   yes
                         constr_viol_tol = 0.001                 yes
                            dual_inf_tol = 0.1                   yes
                   hessian_approximation = limited-memory        yes
                                max_iter = 2000                  yes
                      print_user_options = yes                   yes
                                     tol = 0.1                   yes

******************************************************************************
This program contains Ipopt, a library for large-scale nonlinear optimization.
 Ipopt is released as open source code under the Eclipse Public License (EPL).
         For more information visit http://projects.coin-or.org/Ipopt
******************************************************************************

This is Ipopt version 3.12.8, running with linear solver pardiso.

Number of nonzeros in equality constraint Jacobian...:  4647070
Number of nonzeros in inequality constraint Jacobian.:        0
Number of nonzeros in Lagrangian Hessian.............:        0

Total number of variables............................:    22659
                     variables with only lower bounds:        0
                variables with lower and upper bounds:    21904
                     variables with only upper bounds:        0
Total number of equality constraints.................:    22423
Total number of inequality constraints...............:        0
        inequality constraints with only lower bounds:        0
   inequality constraints with lower and upper bounds:        0
        inequality constraints with only upper bounds:        0

iter    objective    inf_pr   inf_du lg(mu)  ||d||  lg(rg) alpha_du alpha_pr  ls
   0  3.3947147e+00 3.95e+03 2.65e+00   0.0 0.00e+00    -  0.00e+00 0.00e+00   0
   1  3.6083156e+00 3.95e+03 5.37e+00   3.3 3.31e+04    -  1.84e-05 7.55e-06f  1
   2  5.2952521e+00 2.73e+03 6.37e+02  -2.1 3.87e+00    -  1.80e-01 3.09e-01h  1
   3  1.8467543e+01 5.32e+02 2.67e+02  -2.2 3.97e+00    -  4.27e-01 8.05e-01h  1
   4  2.1737295e+02 9.64e+02 1.39e+03   1.5 3.16e+03    -  5.34e-04 6.95e-03f  1
   5  5.6852826e+02 1.08e+03 2.06e+03   3.5 1.21e+05    -  1.59e-05 9.71e-05f  1
   6  1.1834414e+03 1.24e+03 3.38e+03   3.5 8.88e+04    -  1.91e-03 2.24e-04f  1
   7  1.4117710e+03 1.27e+03 1.07e+06   3.5 1.25e+03    -  1.00e+00 3.57e-03f  1
   8  6.8783489e+03 7.90e+02 4.90e+05   3.5 2.66e+01    -  8.37e-01 1.00e+00f  1
   9  6.7935587e+03 1.91e+02 4.95e+05   2.8 2.17e+01    -  5.84e-01 1.00e+00f  1
iter    objective    inf_pr   inf_du lg(mu)  ||d||  lg(rg) alpha_du alpha_pr  ls
  10  6.5634062e+03 1.10e+02 2.09e+05  -2.8 2.35e+01    -  7.02e-01 1.00e+00f  1
  11  6.2834059e+03 1.81e+01 7.32e+03  -3.3 5.12e+00    -  8.98e-01 1.00e+00f  1
  12  5.3825512e+03 6.66e+02 1.21e+05  -4.3 7.15e+01    -  6.31e-01 1.00e+00f  1
  13  1.7505332e+03 1.83e+02 8.05e+04  -4.8 5.44e+01    -  4.91e-01 7.43e-01f  1
  14  8.5944304e+02 2.63e+02 8.46e+03  -5.1 2.62e+01    -  6.05e-01 1.00e+00f  1
  15  5.9250307e+03 6.16e+02 9.21e+04   2.0 2.75e+02    -  6.04e-01 9.43e-02f  1
  16  7.4034473e+03 4.62e+02 3.89e+04   1.7 7.84e+01    -  8.12e-01 4.69e-01f  1
  17  8.9763829e+03 8.59e+02 6.99e+04   1.7 2.64e+01    -  8.76e-01 1.00e+00f  1
  18  1.2143898e+04 7.57e+02 3.86e+04   1.7 5.07e+01    -  1.00e+00 1.00e+00f  1
  19  9.7325870e+03 5.20e+01 2.88e+04   1.7 3.95e+01    -  1.00e+00 1.00e+00f  1
iter    objective    inf_pr   inf_du lg(mu)  ||d||  lg(rg) alpha_du alpha_pr  ls
  20  9.8456859e+03 1.03e+02 1.33e+04   1.7 1.77e+01    -  1.00e+00 5.98e-01f  1
  21  9.7738893e+03 1.26e+02 1.03e+04   1.7 2.22e+01    -  1.00e+00 1.00e+00f  1
  22  9.7557775e+03 4.44e+01 8.14e+03   1.7 1.98e+01    -  1.00e+00 1.00e+00f  1
  23  9.8856573e+03 2.20e+01 1.91e+03   1.7 7.64e+00    -  1.00e+00 1.00e+00f  1
  24  9.7704597e+03 3.02e+01 1.54e+03   1.7 1.11e+01    -  1.00e+00 1.00e+00f  1
  25  4.1244223e+03 3.80e+02 7.46e+04  -4.3 7.57e+01    -  6.24e-01 9.54e-01f  1
  26  3.6632249e+03 5.52e+01 8.65e+03   1.2 2.59e+01    -  1.00e+00 1.00e+00f  1
  27  1.5008476e+03 1.71e+02 1.85e+04  -4.8 2.33e+01    -  7.56e-01 1.00e+00f  1
  28  8.3105714e+02 5.10e+01 1.23e+04   0.5 1.86e+01    -  1.00e+00 1.00e+00f  1
  29  9.5542404e+03 1.98e+03 1.66e+05   2.3 1.83e+03    -  1.00e+00 5.42e-02f  1
iter    objective    inf_pr   inf_du lg(mu)  ||d||  lg(rg) alpha_du alpha_pr  ls
  30  1.4239738e+04 8.86e+02 3.93e+04   2.2 8.83e+01    -  7.41e-01 1.00e+00f  1
  31  1.5983864e+04 5.30e+02 9.64e+03   2.2 4.14e+01    -  1.00e+00 9.45e-01f  1
  32  1.8739550e+04 2.34e+02 2.53e+04   2.2 3.16e+01    -  1.00e+00 1.00e+00f  1
  33  1.7816358e+04 3.02e+01 3.72e+04   2.2 2.16e+01    -  1.00e+00 1.00e+00f  1
  34  1.9795852e+04 1.10e+02 4.98e+04   2.2 1.85e+01    -  1.00e+00 1.00e+00f  1
  35  1.9488082e+04 3.07e+01 3.63e+04   2.2 1.78e+01    -  1.00e+00 1.00e+00f  1
  36  1.9701647e+04 2.94e+01 2.01e+04   2.2 8.01e+00    -  1.00e+00 1.00e+00f  1
  37  1.9674181e+04 2.94e+01 6.79e+03   2.2 7.25e+00    -  1.00e+00 1.00e+00f  1
  38  1.9829397e+04 2.94e+01 3.90e+03   2.2 1.52e+01    -  1.00e+00 1.00e+00f  1
  39  1.2056148e+04 3.45e+02 7.71e+04   1.5 3.89e+01    -  4.80e-01 1.00e+00f  1
iter    objective    inf_pr   inf_du lg(mu)  ||d||  lg(rg) alpha_du alpha_pr  ls
  40  9.7955221e+03 4.41e+01 4.38e+03   1.5 1.56e+01    -  1.00e+00 1.00e+00f  1
  41  6.8547715e+03 2.33e+02 5.18e+03   1.5 1.96e+01    -  1.00e+00 1.00e+00f  1
  42  6.8642538e+03 5.55e+01 3.50e+03   1.5 8.58e+00    -  1.00e+00 1.00e+00f  1
  43  7.0991866e+03 1.61e+01 2.57e+03   1.5 8.79e+00    -  1.00e+00 1.00e+00h  1
  44  7.0393930e+03 3.00e+01 5.27e+03   1.5 5.24e+00    -  1.00e+00 1.00e+00f  1
  45  3.0288908e+03 6.02e+02 1.54e+04  -4.5 5.94e+01    -  7.57e-01 8.59e-01f  1
  46  1.7801387e+03 7.67e+01 9.19e+03   0.8 2.06e+01    -  1.00e+00 1.00e+00f  1
  47  1.7343878e+03 2.47e+02 1.38e+04   0.8 2.10e+01    -  1.00e+00 1.00e+00f  1
  48  1.7202457e+03 4.27e+01 3.49e+03   0.8 1.61e+01    -  1.00e+00 1.00e+00f  1
  49  7.7536726e+03 1.87e+03 2.47e+04   1.4 1.32e+02    -  1.00e+00 4.79e-01f  1
iter    objective    inf_pr   inf_du lg(mu)  ||d||  lg(rg) alpha_du alpha_pr  ls
  50  5.3715991e+03 1.80e+02 5.41e+03   1.3 3.97e+01    -  1.00e+00 1.00e+00f  1
  51  4.9850837e+03 1.34e+02 4.92e+03   1.3 1.28e+01    -  1.00e+00 1.00e+00f  1
  52  5.0685432e+03 3.02e+01 8.48e+02   1.3 5.03e+00    -  1.00e+00 1.00e+00f  1
  53  1.7886100e+03 4.43e+02 4.12e+04  -4.7 3.83e+01    -  6.21e-01 9.16e-01f  1
  54  1.7006172e+03 5.12e+01 1.00e+03   0.8 1.11e+01    -  1.00e+00 1.00e+00f  1
  55  6.2485183e+02 1.56e+02 3.64e+03  -5.2 2.49e+01    -  5.91e-01 1.00e+00f  1
  56  3.5529055e+02 4.05e+01 2.73e+03  -5.6 1.04e+01    -  7.48e-01 1.00e+00f  1
  57  4.7901616e+02 6.53e+01 8.25e+04   1.8 7.95e+02    -  1.00e+00 4.65e-03f  1
  58  5.1890355e+03 1.63e+03 4.12e+04   1.7 7.53e+01    -  7.82e-01 1.00e+00f  1
  59  9.6290604e+03 3.20e+02 1.05e+04   1.7 2.80e+01    -  7.64e-01 1.00e+00f  1
iter    objective    inf_pr   inf_du lg(mu)  ||d||  lg(rg) alpha_du alpha_pr  ls
  60  1.0395667e+04 1.21e+02 3.58e+03   1.7 3.02e+01    -  1.00e+00 1.00e+00f  1
  61  1.0977855e+04 8.56e+01 3.85e+03   1.7 2.53e+01    -  1.00e+00 1.00e+00h  1
  62  1.0362168e+04 6.72e+00 2.30e+03   1.7 1.23e+01    -  1.00e+00 1.00e+00f  1
  63  1.0365125e+04 1.39e+00 8.48e+02   1.7 3.48e+00    -  1.00e+00 1.00e+00f  1
  64  4.4820444e+03 3.37e+02 6.27e+04  -4.3 5.10e+01    -  6.25e-01 8.45e-01f  1
  65  4.1049858e+03 3.45e+01 2.57e+03   1.2 1.46e+01    -  1.00e+00 1.00e+00f  1
  66  1.6582353e+03 2.59e+02 3.89e+04  -4.8 2.19e+01    -  8.21e-01 1.00e+00f  1
  67  6.8005454e+02 4.65e+01 4.18e+03   0.4 1.13e+01    -  1.00e+00 9.18e-01f  1
  68  3.6565344e+03 8.35e+02 6.79e+04   1.9 5.27e+02    -  1.00e+00 6.70e-02f  1
  69  8.0269305e+03 1.43e+02 2.21e+04   1.8 3.19e+01    -  9.50e-01 1.00e+00f  1
iter    objective    inf_pr   inf_du lg(mu)  ||d||  lg(rg) alpha_du alpha_pr  ls
  70  1.1851920e+04 2.33e+02 1.61e+04   1.8 2.13e+01    -  1.00e+00 1.00e+00f  1
  71  1.4818102e+04 2.48e+02 2.81e+03   1.8 5.42e+01    -  1.00e+00 1.00e+00h  1
  72  1.2107827e+04 5.78e+01 1.51e+03   1.8 4.06e+01    -  1.00e+00 1.00e+00f  1
  73  1.2111522e+04 4.50e+00 6.16e+03   1.8 6.44e+00    -  1.00e+00 1.00e+00f  1
  74  1.2201481e+04 2.81e+00 4.72e+03   1.8 7.36e+00    -  1.00e+00 1.00e+00f  1
  75  1.2154512e+04 2.45e+00 2.95e+03   1.8 1.44e+01    -  1.00e+00 1.00e+00f  1
  76  5.2870773e+03 1.19e+03 6.31e+04  -4.2 7.15e+01    -  5.81e-01 1.00e+00f  1
  77  5.2624373e+03 8.80e+01 1.20e+04   1.4 6.50e+01    -  9.86e-01 1.00e+00f  1
  78  5.7892349e+03 1.19e+02 1.13e+04   1.4 6.66e+01    -  1.00e+00 3.94e-01f  2
  79  5.2826918e+03 2.02e+01 6.29e+03   1.4 1.61e+01    -  1.00e+00 1.00e+00f  1
iter    objective    inf_pr   inf_du lg(mu)  ||d||  lg(rg) alpha_du alpha_pr  ls
  80  5.6926606e+03 3.69e+01 3.35e+03   1.4 1.49e+01    -  1.00e+00 1.00e+00f  1
  81  5.4114068e+03 1.57e+01 4.11e+03   1.4 1.13e+01    -  1.00e+00 1.00e+00f  1
  82  2.4243040e+03 1.58e+02 8.27e+03  -4.6 3.83e+01    -  7.64e-01 8.91e-01f  1
  83  2.1631734e+03 1.33e+02 6.40e+03   0.6 2.28e+01    -  1.00e+00 1.57e-01f  1
  84  1.1332476e+03 4.11e+01 8.96e+03   0.6 1.58e+01    -  1.00e+00 1.00e+00f  1
  85  1.1071683e+03 1.97e+01 8.11e+03   0.6 7.68e+00    -  1.00e+00 1.00e+00f  1
  86  3.7648096e+03 1.47e+02 8.78e+03   1.2 4.89e+01    -  1.00e+00 5.00e-01f  2
  87  3.7029446e+03 9.71e+01 2.19e+04   1.1 1.49e+01    -  1.00e+00 1.00e+00f  1
  88  3.3668865e+03 3.02e+01 1.06e+04   1.1 6.98e+00    -  1.00e+00 1.00e+00f  1
  89  1.0446543e+03 1.21e+02 5.57e+03  -4.9 1.73e+01    -  8.18e-01 1.00e+00f  1
iter    objective    inf_pr   inf_du lg(mu)  ||d||  lg(rg) alpha_du alpha_pr  ls
  90  5.9178745e+02 8.16e+01 8.49e+03   0.3 1.95e+01    -  1.00e+00 1.00e+00f  1
  91  5.2101881e+02 1.20e+02 7.03e+03   0.3 1.04e+01    -  1.00e+00 1.00e+00f  1
  92  5.4096774e+02 2.85e+01 4.27e+03   0.3 6.11e+00    -  1.00e+00 1.00e+00f  1
  93  2.4370520e+02 5.72e+01 2.79e+03  -5.7 1.75e+01    -  7.78e-01 8.96e-01f  1
  94  2.0151351e+02 5.95e+01 9.58e+02  -6.3 1.62e+01    -  4.53e-01 6.96e-01f  1
  95  6.5783605e+02 3.52e+02 1.57e+03   1.4 5.19e+02    -  1.21e-03 4.66e-02f  1
  96  3.0457124e+02 5.50e+02 1.40e+03  -0.6 3.41e+01    -  1.75e-01 6.10e-01f  1
  97  2.8094488e+02 1.66e+02 9.33e+02  -0.6 2.31e+01    -  7.50e-01 8.22e-01h  1
  98  1.6802130e+02 6.85e+01 3.60e+02  -0.6 8.51e+00    -  6.03e-01 1.00e+00f  1
  99  1.4188151e+02 8.17e+01 6.85e+02  -6.6 1.22e+01    -  6.43e-01 8.37e-01f  1
iter    objective    inf_pr   inf_du lg(mu)  ||d||  lg(rg) alpha_du alpha_pr  ls
 100  4.2396314e+02 5.38e+02 4.04e+03   0.9 8.01e+02    -  2.03e-03 2.45e-02f  1
 101  1.7517524e+02 2.41e+02 1.36e+03  -1.1 2.79e+01    -  4.78e-01 6.17e-01f  1
 102  3.9301765e+02 7.37e+01 3.77e+02  -1.1 1.27e+01    -  4.67e-01 8.40e-01H  1
 103  1.6775743e+02 1.14e+02 6.27e+02  -1.1 1.32e+01    -  4.92e-01 6.11e-01f  1
 104  1.3623696e+02 8.43e+01 4.28e+02  -1.1 2.43e+01    -  8.54e-02 2.24e-01f  3
 105  1.9557038e+02 1.37e+02 7.63e+02   0.9 3.60e+02    -  3.08e-02 2.02e-02f  2
 106  1.6563686e+02 4.85e+01 8.93e+02  -0.6 8.31e+00    -  9.87e-01 1.00e+00f  1
 107  5.7733122e+02 5.55e+02 1.05e+04   1.4 8.79e+02    -  1.00e+00 2.83e-02f  1
 108  3.7154183e+03 7.41e+02 1.20e+04   1.3 2.74e+01    -  8.51e-01 1.00e+00f  1
 109  5.2831713e+03 1.46e+02 2.11e+03   1.3 1.84e+01    -  1.00e+00 1.00e+00f  1
iter    objective    inf_pr   inf_du lg(mu)  ||d||  lg(rg) alpha_du alpha_pr  ls
 110  4.9053021e+03 5.04e+01 4.52e+03   1.3 7.69e+00    -  1.00e+00 1.00e+00f  1
 111  5.0091621e+03 6.16e+01 3.94e+03   1.3 5.06e+00    -  1.00e+00 1.00e+00f  1
 112  4.9669343e+03 3.36e+01 2.45e+03   1.3 4.30e+00    -  1.00e+00 1.00e+00f  1
 113  1.9474875e+03 1.90e+02 1.67e+04  -4.7 2.83e+01    -  7.97e-01 8.91e-01f  1
 114  1.0378185e+03 1.73e+02 2.49e+03   0.6 1.06e+01    -  1.00e+00 1.00e+00f  1
 115  8.8965338e+02 1.16e+02 1.82e+03   0.6 8.89e+00    -  1.00e+00 1.00e+00f  1
 116  9.0067211e+02 4.61e+01 7.29e+02   0.6 5.99e+00    -  1.00e+00 1.00e+00f  1
 117  9.3103950e+02 1.93e+01 4.30e+03   0.6 5.61e+00    -  1.00e+00 1.00e+00f  1
 118  8.9504229e+02 3.39e+00 8.26e+03   0.6 8.71e+00    -  1.00e+00 1.00e+00f  1
 119  3.0139558e+02 2.85e+02 9.48e+03  -5.4 2.32e+01    -  6.34e-01 1.00e+00f  1
iter    objective    inf_pr   inf_du lg(mu)  ||d||  lg(rg) alpha_du alpha_pr  ls
 120  3.9136439e+02 8.34e+01 8.44e+03   0.0 1.07e+01    -  1.00e+00 1.00e+00h  1
 121  3.3545566e+02 3.56e+01 1.45e+03   0.0 8.50e+00    -  1.00e+00 1.00e+00f  1
 122  8.8775472e+02 1.70e+02 7.34e+04   1.8 9.22e+02    -  1.00e+00 2.15e-02f  1
 123  6.4898679e+03 4.59e+02 3.06e+04   1.7 4.28e+01    -  9.18e-01 1.00e+00f  1
 124  1.1446086e+04 2.27e+02 9.89e+03   1.7 4.19e+01    -  1.00e+00 1.00e+00f  1
 125  1.0043165e+04 1.74e+01 7.13e+03   1.7 1.26e+01    -  1.00e+00 1.00e+00f  1
 126  1.0158482e+04 4.67e+01 1.93e+03   1.7 6.31e+00    -  1.00e+00 1.00e+00f  1
 127  1.0281513e+04 3.12e+01 1.85e+03   1.7 7.96e+00    -  1.00e+00 1.00e+00f  1
 128  1.0292242e+04 2.17e+00 1.02e+03   1.7 4.32e+00    -  1.00e+00 1.00e+00f  1
 129  4.1561485e+03 4.30e+02 1.60e+04  -4.3 3.28e+01    -  6.46e-01 1.00e+00f  1
iter    objective    inf_pr   inf_du lg(mu)  ||d||  lg(rg) alpha_du alpha_pr  ls
 130  3.8865622e+03 8.71e+01 5.30e+03   1.2 1.15e+01    -  1.00e+00 1.00e+00f  1
 131  4.1514042e+03 6.65e+01 8.96e+03   1.2 1.54e+02    -  1.00e+00 2.50e-01h  3
 132  3.8753784e+03 2.98e+01 3.83e+03   1.2 2.61e+01    -  1.00e+00 1.00e+00f  1
 133  3.7979024e+03 5.50e+01 3.86e+03   1.2 7.54e+00    -  1.00e+00 1.00e+00f  1
 134  3.7580890e+03 9.86e+00 3.29e+03   1.2 4.91e+00    -  1.00e+00 1.00e+00f  1
 135  3.7357133e+03 1.88e+00 2.44e+03   1.2 4.25e+00    -  1.00e+00 1.00e+00f  1
 136  1.1841053e+03 3.13e+02 8.79e+03  -4.8 4.90e+01    -  6.62e-01 8.26e-01f  1
 137  1.0301709e+03 6.40e+01 1.39e+03   0.6 1.59e+01    -  1.00e+00 1.00e+00f  1
 138  1.1379232e+03 6.59e+01 3.69e+03   0.6 1.47e+01    -  1.00e+00 1.00e+00f  1
 139  1.2111091e+03 2.99e+01 9.21e+03   0.6 1.16e+01    -  1.00e+00 1.00e+00f  1
iter    objective    inf_pr   inf_du lg(mu)  ||d||  lg(rg) alpha_du alpha_pr  ls
 140  1.0758700e+03 2.91e+01 8.28e+03   0.6 9.36e+00    -  1.00e+00 1.00e+00f  1
 141  9.9913619e+02 2.93e+01 2.48e+03   0.6 1.04e+01    -  1.00e+00 1.00e+00f  1
 142  9.7524646e+02 1.31e+01 7.04e+03   0.6 1.98e+01    -  1.00e+00 1.00e+00f  1
 143  1.0109849e+03 2.88e+01 8.83e+03   0.6 1.39e+01    -  1.00e+00 1.00e+00f  1
 144  1.0043493e+03 2.34e+00 2.30e+03   0.6 3.75e+00    -  1.00e+00 1.00e+00f  1
 145  3.0804547e+02 1.39e+02 1.69e+03  -5.4 2.16e+01    -  6.64e-01 1.00e+00f  1
 146  3.2425883e+02 4.27e+01 6.67e+03   0.1 2.08e+01    -  1.00e+00 1.00e+00f  1
 147  3.5630376e+02 3.08e+01 3.59e+03   0.1 3.25e+00    -  1.00e+00 1.00e+00f  1
 148  1.8016992e+02 2.82e+01 2.65e+03  -5.9 7.95e+00    -  8.71e-01 1.00e+00f  1
 149  4.2174842e+02 1.27e+02 2.64e+04   1.2 1.47e+02    -  1.00e+00 5.15e-02f  2
iter    objective    inf_pr   inf_du lg(mu)  ||d||  lg(rg) alpha_du alpha_pr  ls
 150  1.6800657e+03 2.92e+02 2.26e+03   1.1 1.99e+01    -  9.09e-01 1.00e+00f  1
 151  2.7529949e+03 6.47e+01 1.17e+03   1.1 9.89e+00    -  1.00e+00 1.00e+00f  1
 152  2.8417117e+03 2.76e+01 4.82e+02   1.1 4.78e+00    -  1.00e+00 1.00e+00f  1
 153  2.8203015e+03 2.87e+01 5.66e+02   1.1 1.66e+00    -  1.00e+00 1.00e+00f  1
 154  2.8132196e+03 1.30e+01 7.55e+02   1.1 9.44e-01    -  1.00e+00 1.00e+00f  1
 155  7.9411202e+02 1.45e+02 1.07e+04  -4.9 1.99e+01    -  7.06e-01 1.00e+00f  1
 156  6.1512227e+02 1.13e+02 3.65e+03   0.4 9.15e+00    -  1.00e+00 1.00e+00h  1
 157  7.3593899e+02 7.64e+01 3.23e+03   0.4 7.13e+00    -  1.00e+00 1.00e+00f  1
 158  6.9408585e+02 3.80e+01 1.97e+03   0.4 3.60e+00    -  1.00e+00 1.00e+00h  1
 159  6.9127763e+02 3.05e+01 1.84e+03   0.4 1.90e+00    -  1.00e+00 1.00e+00f  1
iter    objective    inf_pr   inf_du lg(mu)  ||d||  lg(rg) alpha_du alpha_pr  ls
 160  2.4390167e+03 6.72e+02 1.13e+05   2.2 6.52e+02    -  1.00e+00 2.51e-02f  1
 161  9.4203120e+03 2.88e+02 9.98e+03   2.1 3.60e+01    -  1.00e+00 1.00e+00f  1
 162  1.7873477e+04 4.24e+02 1.51e+04   2.1 9.10e+01    -  1.00e+00 7.90e-01f  1
 163  1.9539671e+04 8.04e+02 1.60e+04   2.1 9.52e+01    -  1.00e+00 1.00e+00h  1
 164  1.5822099e+04 1.60e+02 6.10e+03   2.1 5.03e+01    -  1.00e+00 1.00e+00f  1
 165  1.6392634e+04 6.75e+01 3.68e+03   2.1 2.86e+01    -  1.00e+00 1.00e+00f  1
 166  1.6582133e+04 3.16e+01 3.94e+03   2.1 1.83e+01    -  1.00e+00 1.00e+00f  1
 167  1.6537672e+04 2.97e+01 4.96e+03   2.1 2.41e+01    -  1.00e+00 1.00e+00f  1
 168  1.6596377e+04 2.93e+01 9.20e+03   2.1 3.39e+01    -  1.00e+00 1.00e+00f  1
 169  1.6581716e+04 8.64e+00 6.09e+03   2.1 2.40e+01    -  1.00e+00 1.00e+00H  1
iter    objective    inf_pr   inf_du lg(mu)  ||d||  lg(rg) alpha_du alpha_pr  ls
 170  1.6569041e+04 3.01e+01 4.71e+03   2.1 1.86e+01    -  1.00e+00 1.00e+00f  1
 171  1.6545533e+04 1.88e+00 1.04e+03   2.1 4.01e+00    -  1.00e+00 1.00e+00f  1
 172  9.4924343e+03 4.62e+02 5.31e+04   1.4 5.03e+01    -  6.75e-01 1.00e+00f  1
 173  6.8492498e+03 8.32e+01 2.56e+03   1.4 3.98e+01    -  1.00e+00 1.00e+00f  1
 174  5.4653874e+03 7.59e+01 1.50e+03   1.4 3.03e+01    -  1.00e+00 1.00e+00f  1
 175  5.4131637e+03 8.84e+01 6.29e+03   1.4 1.39e+01    -  1.00e+00 1.00e+00f  1
 176  5.4739525e+03 3.13e+01 4.28e+03   1.4 8.51e+00    -  1.00e+00 1.00e+00h  1
 177  5.4094394e+03 3.10e+01 1.71e+03   1.4 2.85e+00    -  1.00e+00 1.00e+00f  1
 178  5.3305698e+03 1.41e+01 9.58e+02   1.4 6.91e+00    -  1.00e+00 1.00e+00f  1
 179  5.3606857e+03 3.01e+01 1.68e+03   1.4 7.56e+00    -  1.00e+00 1.00e+00f  1
iter    objective    inf_pr   inf_du lg(mu)  ||d||  lg(rg) alpha_du alpha_pr  ls
 180  5.3066840e+03 3.02e+01 1.09e+03   1.4 1.66e+01    -  1.00e+00 1.00e+00f  1
 181  5.3278469e+03 2.62e+00 4.96e+02   1.4 1.06e+01    -  1.00e+00 1.00e+00h  1
 182  1.7144539e+03 3.68e+02 8.27e+03  -4.6 4.54e+01    -  7.71e-01 9.67e-01f  1
 183  1.0593017e+03 4.26e+01 7.28e+03   0.6 2.39e+01    -  1.00e+00 1.00e+00f  1
 184  1.1287747e+03 1.73e+02 4.20e+03   0.6 4.62e+01    -  1.00e+00 1.00e+00f  1
 185  1.3266408e+03 5.98e+01 8.79e+03   0.6 1.54e+01    -  1.00e+00 1.00e+00h  1
 186  1.1000584e+03 3.56e+01 3.00e+03   0.6 7.89e+00    -  1.00e+00 1.00e+00f  1
 187  1.0675790e+03 1.20e+00 1.40e+03   0.6 2.92e+00    -  1.00e+00 1.00e+00f  1
 188  3.5765891e+02 6.25e+01 2.53e+03  -0.1 1.73e+01    -  1.00e+00 1.00e+00f  1
 189  2.8610892e+02 2.91e+01 2.91e+03  -0.1 6.96e+00    -  1.00e+00 1.00e+00H  1
iter    objective    inf_pr   inf_du lg(mu)  ||d||  lg(rg) alpha_du alpha_pr  ls
 190  1.4096442e+03 2.86e+02 2.70e+04   1.4 1.70e+02    -  1.00e+00 1.22e-01f  1
 191  3.6671823e+03 1.33e+02 1.16e+03   1.3 1.76e+01    -  1.00e+00 1.00e+00f  1
 192  4.6391760e+03 1.73e+02 1.44e+03   1.3 1.73e+01    -  1.00e+00 1.00e+00f  1
 193  4.4771322e+03 2.69e+01 4.41e+02   1.3 9.03e+00    -  1.00e+00 1.00e+00f  1
 194  4.3267207e+03 2.43e+01 4.86e+02   1.3 4.57e+00    -  1.00e+00 1.00e+00f  1
 195  4.4472617e+03 3.14e+01 1.60e+03   1.3 5.41e+00    -  1.00e+00 1.00e+00f  1
 196  4.4288003e+03 1.47e+01 1.98e+03   1.3 3.91e+00    -  1.00e+00 1.00e+00f  1
 197  4.4217175e+03 2.98e+01 9.66e+02   1.3 4.20e+00    -  1.00e+00 1.00e+00f  1
 198  4.4369172e+03 6.34e-01 1.67e+03   1.3 4.63e+00    -  1.00e+00 1.00e+00f  1
 199  1.2762074e+03 3.77e+02 1.51e+04  -4.7 3.73e+01    -  7.42e-01 1.00e+00f  1
iter    objective    inf_pr   inf_du lg(mu)  ||d||  lg(rg) alpha_du alpha_pr  ls
 200  8.2062431e+02 2.31e+02 6.30e+03   0.6 2.62e+01    -  1.00e+00 7.06e-01f  1
 201  1.2212196e+03 6.61e+01 3.12e+03   0.6 1.32e+01    -  1.00e+00 1.00e+00f  1
 202  1.1159206e+03 5.16e+01 9.54e+03   0.6 2.96e+01    -  1.00e+00 1.00e+00f  1
 203  1.2040885e+03 3.17e+01 1.70e+04   0.6 2.54e+01    -  1.00e+00 1.00e+00h  1
 204  9.4120708e+02 2.40e+01 3.88e+03   0.6 1.70e+01    -  1.00e+00 1.00e+00f  1
 205  9.9255476e+02 3.50e+00 2.22e+03   0.6 3.32e+00    -  1.00e+00 1.00e+00f  1
 206  3.5235083e+02 2.06e+02 3.53e+03  -5.4 2.17e+01    -  5.84e-01 1.00e+00f  1
 207  3.4689298e+02 3.20e+01 3.65e+03   0.1 1.93e+01    -  1.00e+00 1.00e+00f  1
 208  4.3162324e+02 9.32e+01 6.39e+03   0.1 1.52e+01    -  1.00e+00 1.00e+00f  1
 209  4.0349950e+02 1.50e+01 9.99e+03   0.1 1.01e+01    -  1.00e+00 1.00e+00f  1
iter    objective    inf_pr   inf_du lg(mu)  ||d||  lg(rg) alpha_du alpha_pr  ls
 210  3.3064202e+02 3.15e+01 6.08e+03   0.1 3.88e+00    -  1.00e+00 1.00e+00f  1
 211  5.7547580e+03 2.44e+03 1.37e+04   2.1 1.09e+03    -  2.89e-02 5.26e-02f  1
 212  1.1918132e+03 2.09e+02 2.01e+03   0.6 4.89e+01    -  9.76e-01 9.05e-01f  1
 213  9.3849490e+02 3.00e+02 4.82e+03   0.6 1.10e+01    -  1.00e+00 9.17e-01f  1
 214  1.0905339e+03 1.15e+02 5.86e+03   0.6 6.74e+00    -  1.00e+00 1.00e+00f  1
 215  1.0148051e+03 7.43e+01 1.75e+03   0.6 7.31e+00    -  1.00e+00 1.00e+00f  1
 216  9.6319764e+02 7.05e+01 2.32e+03   0.6 8.12e+00    -  1.00e+00 5.00e-01f  2
 217  9.6796929e+02 3.02e+01 1.25e+03   0.6 1.50e+00    -  1.00e+00 1.00e+00f  1
 218  9.6798511e+02 1.47e+00 1.45e+03   0.6 1.73e+00    -  1.00e+00 1.00e+00f  1
 219  2.4142272e+03 6.18e+01 1.46e+04   0.9 1.86e+01    -  1.00e+00 6.47e-01F  1
iter    objective    inf_pr   inf_du lg(mu)  ||d||  lg(rg) alpha_du alpha_pr  ls
 220  1.4189852e+03 3.64e+01 9.01e+02   0.8 8.21e+00    -  1.00e+00 1.00e+00f  1
 221  1.3210122e+03 1.22e+01 2.56e+02   0.8 3.53e+00    -  1.00e+00 1.00e+00h  1
 222  1.3729427e+03 1.02e+00 4.40e+02   0.8 9.81e-01    -  1.00e+00 1.00e+00f  1
 223  4.4598667e+02 5.97e+01 2.20e+03  -5.2 1.35e+01    -  8.04e-01 1.00e+00f  1
 224  3.0227343e+02 6.46e+01 2.59e+03  -0.0 8.04e+00    -  1.00e+00 1.00e+00f  1
 225  3.0064499e+02 3.09e+01 1.39e+03  -0.0 3.79e+00    -  1.00e+00 1.00e+00f  1
 226  2.8473559e+02 2.68e+00 5.52e+02  -0.0 1.50e+00    -  1.00e+00 1.00e+00h  1
 227  6.1730837e+02 1.57e+02 4.51e+03   0.7 3.12e+01    -  1.00e+00 2.44e-01f  1
 228  1.0060113e+03 1.50e+01 5.79e+03   0.6 8.58e+00    -  1.00e+00 1.00e+00f  1
 229  9.3715790e+02 9.87e+00 1.97e+03   0.6 4.19e+00    -  1.00e+00 1.00e+00f  1
iter    objective    inf_pr   inf_du lg(mu)  ||d||  lg(rg) alpha_du alpha_pr  ls
 230  8.9152378e+02 2.75e+01 1.74e+02   0.6 9.72e-01    -  1.00e+00 1.00e+00f  1
 231  9.0159732e+02 3.02e+01 2.36e+02   0.6 1.01e+00    -  1.00e+00 1.00e+00h  1
 232  4.0152827e+02 1.18e+02 1.50e+04  -5.4 1.52e+01    -  8.06e-01 1.00e+00f  1
 233  2.5053011e+02 7.31e+01 4.75e+03  -0.2 9.29e+00    -  7.13e-01 1.00e+00f  1
 234  2.2116309e+02 2.33e+01 8.75e+02  -0.2 4.54e+00    -  1.00e+00 1.00e+00f  1
 235  1.5233388e+02 3.47e+01 4.72e+03  -6.2 4.84e+00    -  5.64e-01 1.00e+00f  1
 236  2.8006488e+02 9.96e+01 1.93e+04   1.0 5.42e+02    -  1.00e+00 2.69e-02f  1
 237  2.8091021e+03 3.35e+02 2.26e+04   0.9 3.05e+01    -  8.80e-01 1.00e+00f  1
 238  2.6936982e+03 9.88e+01 5.20e+03   0.9 2.78e+01    -  1.00e+00 1.00e+00f  1
 239  1.4689693e+03 1.11e+02 1.95e+04   0.9 8.08e+00    -  1.00e+00 1.00e+00f  1
iter    objective    inf_pr   inf_du lg(mu)  ||d||  lg(rg) alpha_du alpha_pr  ls
 240  1.9284319e+03 4.65e+01 8.29e+03   0.9 5.88e+00    -  1.00e+00 1.00e+00f  1
 241  1.8739544e+03 3.25e+01 6.69e+03   0.9 2.40e+00    -  1.00e+00 1.00e+00f  1
 242  1.9147479e+03 3.02e+01 2.80e+03   0.9 2.07e+00    -  1.00e+00 1.00e+00f  1
 243  1.9289391e+03 1.34e+01 4.58e+03   0.9 3.12e+00    -  1.00e+00 1.00e+00f  1
 244  1.9162499e+03 3.03e+01 1.40e+04   0.9 8.67e+00    -  1.00e+00 1.00e+00f  1
 245  1.9530610e+03 2.95e+01 9.57e+03   0.9 6.82e+00    -  1.00e+00 1.00e+00h  1
 246  1.9697590e+03 1.21e+01 2.16e+03   0.9 4.52e+00    -  1.00e+00 1.00e+00f  1
 247  1.9630074e+03 2.44e+00 9.64e+01   0.9 1.13e+00    -  1.00e+00 1.00e+00h  1
 248  1.9637171e+03 8.28e-02 1.77e+03   0.9 1.60e+00    -  1.00e+00 1.00e+00h  1
 249  1.3988313e+03 3.00e+01 2.38e+03   0.8 1.61e+01    -  1.00e+00 5.00e-01f  2
iter    objective    inf_pr   inf_du lg(mu)  ||d||  lg(rg) alpha_du alpha_pr  ls
 250  1.0648605e+03 1.25e+01 7.07e+03   0.7 5.16e+00    -  1.00e+00 1.00e+00f  1
 251  1.0579476e+03 3.32e+00 4.18e+03   0.7 1.75e+00    -  1.00e+00 1.00e+00f  1
 252  1.0641651e+03 1.31e+01 1.73e+03   0.7 1.74e+00    -  1.00e+00 1.00e+00f  1
 253  1.0651861e+03 4.13e+00 7.10e+03   0.7 4.35e+00    -  1.00e+00 1.00e+00f  1
 254  1.0531799e+03 2.69e+00 5.42e+03   0.7 2.32e+00    -  1.00e+00 1.00e+00f  1
 255  1.0473293e+03 4.32e-01 1.01e+03   0.7 6.89e-01    -  1.00e+00 1.00e+00f  1
 256  6.4949617e+02 3.29e+01 6.46e+03   0.4 7.45e+00    -  1.00e+00 1.00e+00f  1
 257  4.8071808e+02 4.44e+00 2.90e+03   0.3 5.34e+00    -  1.00e+00 1.00e+00f  1
 258  4.6558985e+02 3.01e+01 3.58e+03   0.3 2.78e+00    -  1.00e+00 1.00e+00f  1
 259  4.8022212e+02 2.36e+00 2.71e+03   0.3 1.79e+00    -  1.00e+00 1.00e+00f  1
iter    objective    inf_pr   inf_du lg(mu)  ||d||  lg(rg) alpha_du alpha_pr  ls
 260  2.0666687e+02 6.32e+01 2.87e+03  -5.7 1.09e+01    -  8.23e-01 1.00e+00f  1
 261  1.9501806e+02 5.02e+01 2.14e+03  -0.5 5.07e+00    -  1.00e+00 1.00e+00h  1
 262  2.0620982e+02 9.77e+01 1.54e+04  -0.5 1.26e+01    -  1.00e+00 1.00e+00f  1
 263  6.0956105e+02 8.53e+01 2.13e+04  -0.5 2.30e+01    -  6.76e-01 5.81e-01h  1
 264  2.0066642e+02 1.07e+02 1.12e+04  -0.5 1.27e+01    -  2.51e-01 1.00e+00f  1
 265  1.6942226e+02 8.25e+01 3.50e+03  -0.5 3.10e+00    -  8.37e-01 1.00e+00f  1
 266  1.6629676e+02 1.08e+01 1.65e+03  -0.5 9.05e-01    -  1.00e+00 1.00e+00h  1
 267  3.3108109e+02 1.28e+02 2.00e+04   0.9 1.15e+02    -  1.00e+00 9.12e-02f  1
 268  2.0324617e+03 1.72e+02 5.92e+03   0.8 1.44e+01    -  9.58e-01 1.00e+00f  1
 269  1.6471217e+03 6.82e+01 6.03e+03   0.8 1.24e+01    -  1.00e+00 1.00e+00f  1
iter    objective    inf_pr   inf_du lg(mu)  ||d||  lg(rg) alpha_du alpha_pr  ls
 270  1.2939524e+03 2.74e+01 1.19e+04   0.8 6.42e+00    -  1.00e+00 1.00e+00f  1
 271  1.4161922e+03 3.11e+01 8.95e+03   0.8 3.52e+00    -  1.00e+00 1.00e+00f  1
 272  1.5147071e+03 3.04e+01 1.09e+04   0.8 6.96e+00    -  1.00e+00 1.00e+00f  1
 273  1.6234134e+03 8.14e+00 1.77e+04   0.8 2.38e+01    -  1.00e+00 1.00e+00H  1
 274  1.5895043e+03 3.18e+01 1.08e+04   0.8 5.55e+00    -  1.00e+00 1.00e+00f  1
 275  1.5683429e+03 2.91e+01 3.59e+02   0.8 2.13e+00    -  1.00e+00 1.00e+00f  1
 276  1.5882530e+03 2.99e+01 1.17e+03   0.8 2.83e+00    -  1.00e+00 1.00e+00f  1
 277  1.5630486e+03 1.05e+01 4.01e+03   0.8 6.93e+00    -  1.00e+00 1.00e+00f  1
 278  1.5699347e+03 2.99e+01 6.17e+03   0.8 6.73e+00    -  1.00e+00 1.00e+00f  1
 279  1.6005822e+03 9.84e-01 3.84e+03   0.8 2.88e+00    -  1.00e+00 1.00e+00h  1
iter    objective    inf_pr   inf_du lg(mu)  ||d||  lg(rg) alpha_du alpha_pr  ls
 280  1.6058228e+03 2.08e+00 7.46e+02   0.8 1.92e+00    -  1.00e+00 1.00e+00f  1
 281  1.5975370e+03 1.28e+01 5.03e+02   0.8 1.08e+00    -  1.00e+00 1.00e+00h  1
 282  1.5945703e+03 1.29e+01 7.27e+02   0.8 2.23e+00    -  1.00e+00 1.00e+00h  1
 283  1.6002761e+03 1.77e-02 6.52e+02   0.8 6.04e+00    -  1.00e+00 1.00e+00H  1
 284  6.0860664e+02 4.70e+02 1.91e+03  -5.2 2.38e+01    -  5.89e-01 1.00e+00f  1
 285  4.8865421e+02 1.39e+02 2.15e+03   0.4 2.17e+01    -  9.92e-01 1.00e+00f  1
 286  6.3315282e+02 6.62e+01 5.51e+03   0.4 3.06e+01    -  1.00e+00 1.00e+00f  1
 287  5.8434209e+02 4.04e+01 2.66e+03   0.4 3.49e+01    -  1.00e+00 5.00e-01f  2
 288  5.0079398e+02 3.74e+01 1.48e+03   0.4 1.21e+01    -  1.00e+00 1.00e+00f  1
 289  5.2740793e+02 2.80e+01 1.22e+03   0.4 5.34e+00    -  1.00e+00 1.00e+00f  1
iter    objective    inf_pr   inf_du lg(mu)  ||d||  lg(rg) alpha_du alpha_pr  ls
 290  5.4145737e+02 3.21e+00 1.39e+03   0.4 2.47e+00    -  1.00e+00 1.00e+00f  1
 291  5.2669701e+02 1.71e+00 9.37e+02   0.4 7.76e-01    -  1.00e+00 1.00e+00f  1
 292  2.9586305e+02 3.18e+01 6.69e+02  -0.2 1.38e+01    -  1.00e+00 1.00e+00f  1
 293  2.1889082e+02 2.48e+01 1.23e+02  -0.3 8.41e+00    -  1.00e+00 8.57e-01f  1
 294  1.8650355e+02 2.79e+01 4.98e+01  -0.3 5.12e+00    -  1.00e+00 1.00e+00f  1
 295  1.8973294e+02 2.91e+01 4.23e+01  -0.3 1.93e+00    -  1.00e+00 1.00e+00f  1
 296  1.9284353e+02 3.01e+01 5.73e+02  -0.3 3.06e+00    -  1.00e+00 1.00e+00f  1
 297  1.8979773e+02 4.19e+00 7.63e+02  -0.3 4.67e+00    -  1.00e+00 1.00e+00h  1
 298  1.7929276e+02 1.15e+01 1.04e+03  -0.3 6.61e+00    -  1.00e+00 1.00e+00f  1
 299  1.7816079e+02 2.49e-01 6.73e+02  -0.3 5.78e+00    -  1.00e+00 1.00e+00H  1
iter    objective    inf_pr   inf_du lg(mu)  ||d||  lg(rg) alpha_du alpha_pr  ls
 300  9.1951882e+02 3.75e+02 4.49e+03   0.7 1.10e+02    -  1.00e+00 3.17e-01f  1
 301  1.0594686e+03 3.14e+01 1.05e+03   0.6 1.58e+01    -  1.00e+00 1.00e+00f  1
 302  9.2893934e+02 2.59e+01 5.52e+02   0.6 8.04e+00    -  1.00e+00 1.00e+00f  1
 303  9.2712142e+02 2.85e+01 3.39e+02   0.6 2.82e+00    -  1.00e+00 1.00e+00f  1
 304  9.3529762e+02 1.83e+00 4.29e+02   0.6 1.60e+00    -  1.00e+00 1.00e+00f  1
 305  9.4161744e+02 1.68e+00 4.86e+02   0.6 2.44e+00    -  1.00e+00 1.00e+00f  1
 306  9.6071979e+02 4.47e+00 2.27e+03   0.6 6.97e+00    -  1.00e+00 1.00e+00f  1
 307  9.5974011e+02 2.88e+01 4.60e+03   0.6 1.02e+01    -  1.00e+00 1.00e+00h  1
 308  9.2779969e+02 2.46e+00 2.84e+03   0.6 2.90e+00    -  1.00e+00 1.00e+00f  1
 309  9.3179591e+02 4.57e-01 1.03e+02   0.6 1.61e+00    -  1.00e+00 1.00e+00f  1
iter    objective    inf_pr   inf_du lg(mu)  ||d||  lg(rg) alpha_du alpha_pr  ls
 310  9.3349872e+02 9.11e-01 1.33e+02   0.6 9.43e-01    -  1.00e+00 1.00e+00h  1
 311  5.0600850e+02 2.19e+02 3.64e+03  -5.4 3.13e+01    -  7.27e-01 1.00e+00f  1
 312  2.6571229e+02 1.44e+02 1.78e+03  -0.0 1.61e+01    -  8.67e-01 1.00e+00f  1
 313  3.0075117e+02 2.58e+01 1.45e+03  -0.0 4.57e+00    -  1.00e+00 1.00e+00f  1
 314  2.7490665e+02 3.04e+01 9.29e+02  -0.0 2.76e+00    -  1.00e+00 1.00e+00f  1
 315  2.6188943e+02 4.19e+00 1.46e+03  -0.0 3.85e+00    -  1.00e+00 1.00e+00f  1
 316  2.4911637e+02 5.41e+01 4.47e+03  -0.0 1.36e+01    -  1.00e+00 1.00e+00f  1
 317  2.8107262e+02 6.60e+00 6.08e+03  -0.0 1.42e+01    -  1.00e+00 1.00e+00H  1
 318  2.4157235e+02 3.64e+01 2.05e+03  -0.0 1.00e+01    -  1.00e+00 1.00e+00f  1
 319  2.4053711e+02 1.93e+00 4.68e+02  -0.0 1.70e+00    -  1.00e+00 1.00e+00h  1
iter    objective    inf_pr   inf_du lg(mu)  ||d||  lg(rg) alpha_du alpha_pr  ls
 320  2.3843610e+02 3.00e+01 8.14e+02  -0.0 1.95e+00    -  1.00e+00 1.00e+00f  1
 321  2.3987951e+02 1.63e+00 9.64e+02  -0.0 2.74e+00    -  1.00e+00 1.00e+00h  1
 322  2.4138196e+02 2.77e+01 2.51e+03  -0.0 6.96e+00    -  1.00e+00 1.00e+00f  1
 323  2.4586477e+02 7.71e-01 4.66e+03  -0.0 9.46e+00    -  1.00e+00 1.00e+00H  1
 324  2.4332001e+02 6.91e-02 2.24e+03  -0.0 2.66e+00    -  1.00e+00 1.00e+00H  1
 325  1.6565122e+02 2.74e+01 1.72e+03  -1.1 4.78e+00    -  7.95e-01 1.00e+00f  1
 326  9.2937683e+02 2.78e+02 5.09e+04   1.4 1.80e+02    -  1.00e+00 8.62e-02f  1
 327  2.5720510e+03 1.63e+02 8.51e+03   1.3 1.24e+01    -  1.00e+00 1.00e+00f  1
 328  4.2705572e+03 3.35e+02 1.15e+04   1.3 3.39e+01    -  1.00e+00 1.00e+00f  1
 329  5.0667232e+03 8.99e+01 2.18e+04   1.3 4.99e+01    -  1.00e+00 1.00e+00h  1
iter    objective    inf_pr   inf_du lg(mu)  ||d||  lg(rg) alpha_du alpha_pr  ls
 330  4.8277433e+03 3.51e+01 1.12e+04   1.3 1.22e+01    -  1.00e+00 1.00e+00f  1
 331  4.4080345e+03 3.55e+01 1.54e+03   1.3 4.76e+00    -  1.00e+00 1.00e+00f  1
 332  4.6268328e+03 2.78e+01 1.52e+03   1.3 2.92e+00    -  1.00e+00 1.00e+00f  1
 333  4.6214799e+03 2.98e+01 5.12e+02   1.3 5.10e+00    -  1.00e+00 1.00e+00f  1
 334  4.6129824e+03 3.13e+00 1.86e+03   1.3 1.10e+01    -  1.00e+00 1.00e+00f  1
 335  4.5799504e+03 6.15e+00 2.23e+03   1.3 1.55e+01    -  1.00e+00 1.00e+00f  1
 336  4.6070801e+03 2.70e+00 4.39e+02   1.3 8.81e+00    -  1.00e+00 1.00e+00f  1
 337  4.6445539e+03 1.75e+00 5.62e+02   1.3 4.15e+00    -  1.00e+00 1.00e+00f  1
 338  4.6464572e+03 9.59e-01 2.21e+02   1.3 3.46e+00    -  1.00e+00 1.00e+00f  1
 339  4.6353883e+03 1.67e+00 2.81e+01   1.3 4.08e+00    -  1.00e+00 1.00e+00f  1
iter    objective    inf_pr   inf_du lg(mu)  ||d||  lg(rg) alpha_du alpha_pr  ls
 340  1.8573525e+03 5.31e+02 1.87e+04   0.6 5.34e+01    -  8.39e-01 1.00e+00f  1
 341  9.3919506e+02 1.58e+02 5.93e+03   0.6 6.04e+01    -  3.46e-01 1.00e+00f  1
 342  1.2692094e+03 1.14e+02 3.28e+03   0.6 4.52e+01    -  1.00e+00 1.00e+00f  1
 343  1.2167705e+03 3.04e+01 3.29e+03   0.6 1.59e+01    -  1.00e+00 1.00e+00f  1
 344  1.0413112e+03 3.53e+01 2.17e+03   0.6 7.73e+00    -  1.00e+00 1.00e+00f  1
 345  1.0351983e+03 1.69e+01 3.02e+03   0.6 1.69e+01    -  1.00e+00 1.00e+00f  1
 346  9.9941442e+02 3.95e+01 1.22e+04   0.6 7.57e+01    -  1.00e+00 1.00e+00H  1
 347  1.0375676e+03 7.97e+00 1.89e+04   0.6 4.23e+01    -  1.00e+00 1.00e+00H  1
 348  9.7065743e+02 2.83e+01 4.81e+03   0.6 2.53e+01    -  1.00e+00 1.00e+00f  1
 349  9.0855157e+02 2.87e+01 2.20e+03   0.6 8.71e+00    -  1.00e+00 1.00e+00f  1
iter    objective    inf_pr   inf_du lg(mu)  ||d||  lg(rg) alpha_du alpha_pr  ls
 350  9.1336780e+02 4.59e+00 3.43e+02   0.6 4.41e+00    -  1.00e+00 1.00e+00f  1
 351  9.1049411e+02 3.78e-01 5.56e+02   0.6 1.10e+00    -  1.00e+00 1.00e+00f  1
 352  9.0958187e+02 1.26e+01 1.56e+03   0.6 2.41e+00    -  1.00e+00 1.00e+00f  1
 353  9.3293876e+02 1.05e+00 7.34e+03   0.6 1.41e+01    -  1.00e+00 1.00e+00H  1
 354  9.2259521e+02 1.30e+01 5.53e+03   0.6 3.78e+00    -  1.00e+00 1.00e+00f  1
 355  8.9769014e+02 1.16e+00 1.63e+02   0.6 3.57e+00    -  1.00e+00 1.00e+00f  1
 356  8.9625607e+02 1.40e+00 9.24e+02   0.6 1.48e+00    -  1.00e+00 1.00e+00f  1
 357  9.0213081e+02 2.88e+01 2.68e+03   0.6 5.16e+00    -  1.00e+00 1.00e+00f  1
 358  9.0946362e+02 8.22e-01 3.48e+03   0.6 4.26e+00    -  1.00e+00 1.00e+00f  1
 359  8.9371797e+02 8.07e-01 1.88e+03   0.6 1.78e+00    -  1.00e+00 1.00e+00f  1
iter    objective    inf_pr   inf_du lg(mu)  ||d||  lg(rg) alpha_du alpha_pr  ls
 360  8.9004359e+02 1.28e+00 4.31e+02   0.6 1.37e+00    -  1.00e+00 1.00e+00f  1
 361  8.8924133e+02 1.37e+00 4.23e+02   0.6 1.69e+00    -  1.00e+00 1.00e+00h  1
 362  9.0478587e+02 8.60e-02 3.14e+03   0.6 1.22e+01    -  1.00e+00 1.00e+00H  1
 363  8.9686481e+02 3.46e-03 1.84e+03   0.6 2.47e+00    -  1.00e+00 1.00e+00F  1
 364  3.1383957e+03 1.55e+02 2.93e+03   1.0 1.01e+01    -  1.00e+00 1.00e+00f  1
 365  1.6900958e+03 5.88e+01 9.59e+03   0.9 1.23e+01    -  1.00e+00 1.00e+00f  1
 366  1.6246153e+03 1.28e+01 4.90e+02   0.9 3.66e+00    -  1.00e+00 1.00e+00f  1
 367  1.6417810e+03 2.47e+01 2.92e+03   0.9 3.16e+00    -  1.00e+00 1.00e+00f  1
 368  1.7054561e+03 3.29e+01 6.69e+03   0.9 6.13e+00    -  1.00e+00 1.00e+00f  1
 369  1.7071988e+03 1.41e+01 3.37e+03   0.9 3.63e+00    -  1.00e+00 1.00e+00f  1
iter    objective    inf_pr   inf_du lg(mu)  ||d||  lg(rg) alpha_du alpha_pr  ls
 370  1.7077711e+03 2.98e-01 2.50e+02   0.9 9.99e-01    -  1.00e+00 1.00e+00f  1
 371  1.7129032e+03 2.87e+01 1.34e+02   0.9 1.59e+00    -  1.00e+00 1.00e+00f  1
 372  1.7049830e+03 1.30e+01 6.72e+02   0.9 7.31e+00    -  1.00e+00 1.00e+00f  1
 373  1.7102696e+03 2.16e+00 9.95e+01   0.9 3.31e+00    -  1.00e+00 1.00e+00f  1
 374  1.7145037e+03 2.39e+00 2.51e+02   0.9 1.60e+00    -  1.00e+00 1.00e+00f  1
 375  1.7156348e+03 2.71e-01 5.61e+01   0.9 9.70e-01    -  1.00e+00 1.00e+00f  1
 376  6.6688467e+02 6.10e+01 4.13e+03   0.2 8.47e+00    -  7.73e-01 1.00e+00f  1
 377  4.5117527e+02 1.94e+01 5.14e+02   0.2 4.87e+00    -  1.00e+00 8.30e-01f  1
 378  3.6617241e+02 1.62e+01 8.24e+02   0.2 9.85e+00    -  1.00e+00 1.00e+00f  1
 379  3.3064633e+02 3.08e+00 4.11e+03   0.2 1.79e+01    -  1.00e+00 1.00e+00H  1
iter    objective    inf_pr   inf_du lg(mu)  ||d||  lg(rg) alpha_du alpha_pr  ls
 380  3.3326211e+02 2.70e+01 2.60e+03   0.2 4.07e+00    -  1.00e+00 1.00e+00f  1
 381  3.4555350e+02 1.77e+00 4.95e+02   0.2 1.94e+00    -  1.00e+00 1.00e+00f  1
 382  3.4376316e+02 1.71e+00 4.20e+02   0.2 1.19e+00    -  1.00e+00 1.00e+00h  1
 383  3.4206419e+02 1.77e+00 1.88e+03   0.2 3.94e+00    -  1.00e+00 1.00e+00f  1
 384  3.4121258e+02 7.83e-01 8.19e+03   0.2 1.02e+01    -  1.00e+00 1.00e+00H  1
 385  3.5805531e+02 1.34e+00 8.58e+03   0.2 4.53e+00    -  1.00e+00 1.00e+00H  1
 386  3.4244085e+02 2.22e+00 1.66e+03   0.2 4.50e+00    -  1.00e+00 1.00e+00f  1
 387  3.3485789e+02 2.29e-01 5.27e+02   0.2 1.62e+00    -  1.00e+00 1.00e+00H  1
 388  3.3740034e+02 4.87e-01 7.90e+02   0.2 1.85e+00    -  1.00e+00 1.00e+00f  1
 389  3.3903613e+02 1.70e+00 1.12e+03   0.2 1.93e+00    -  1.00e+00 1.00e+00h  1
iter    objective    inf_pr   inf_du lg(mu)  ||d||  lg(rg) alpha_du alpha_pr  ls
 390  3.4068786e+02 4.52e-01 3.65e+03   0.2 3.47e+00    -  1.00e+00 1.00e+00H  1
 391  3.4006448e+02 1.15e+01 4.28e+03   0.2 9.22e+00    -  1.00e+00 5.00e-01f  2
 392  3.3092764e+02 1.25e+01 1.64e+03   0.2 1.33e+00    -  1.00e+00 1.00e+00f  1
 393  3.3279606e+02 8.39e-01 5.37e+02   0.2 9.58e-01    -  1.00e+00 1.00e+00f  1
 394  3.3423512e+02 2.97e+01 8.31e+02   0.2 1.75e+00    -  1.00e+00 1.00e+00h  1
 395  3.4726717e+02 5.33e-01 5.56e+03   0.2 1.16e+01    -  1.00e+00 1.00e+00H  1
 396  3.3752658e+02 4.52e-03 4.09e+03   0.2 2.32e+00    -  1.00e+00 1.00e+00F  1
 397  3.0013270e+03 3.03e+02 2.14e+03   0.9 3.46e+01    -  1.00e+00 8.70e-01f  1
 398  1.2987557e+03 1.36e+02 7.40e+03   0.8 9.48e+00    -  1.00e+00 1.00e+00f  1
 399  1.1670401e+03 4.66e+01 5.49e+03   0.8 7.80e+00    -  1.00e+00 1.00e+00f  1
iter    objective    inf_pr   inf_du lg(mu)  ||d||  lg(rg) alpha_du alpha_pr  ls
 400  1.3037173e+03 6.10e+01 1.90e+04   0.8 2.02e+01    -  1.00e+00 1.00e+00H  1
 401  1.4125769e+03 3.59e+01 2.10e+04   0.8 1.81e+01    -  1.00e+00 1.00e+00f  1
 402  1.3774189e+03 1.61e+01 1.03e+04   0.8 5.67e+00    -  1.00e+00 1.00e+00f  1
 403  1.3822995e+03 2.98e+01 1.05e+03   0.8 1.24e+00    -  1.00e+00 1.00e+00f  1
 404  1.4092265e+03 2.95e+01 2.29e+03   0.8 5.90e+00    -  1.00e+00 1.00e+00f  1
 405  1.3999318e+03 2.91e+01 4.51e+03   0.8 6.80e+00    -  1.00e+00 1.00e+00f  1
 406  1.4132148e+03 1.36e+01 3.64e+03   0.8 6.19e+00    -  1.00e+00 1.00e+00h  1
 407  1.4206055e+03 1.28e+01 2.17e+03   0.8 1.93e+00    -  1.00e+00 1.00e+00f  1
 408  1.4208602e+03 2.34e+00 5.88e+02   0.8 1.18e+00    -  1.00e+00 1.00e+00h  1
 409  1.4164908e+03 2.91e-01 7.74e+02   0.8 2.14e+00    -  1.00e+00 1.00e+00h  1
iter    objective    inf_pr   inf_du lg(mu)  ||d||  lg(rg) alpha_du alpha_pr  ls
 410  1.4134638e+03 1.25e+00 1.05e+03   0.8 3.56e+00    -  1.00e+00 1.00e+00f  1
 411  1.4243140e+03 1.27e+00 4.55e+02   0.8 2.49e+00    -  1.00e+00 1.00e+00f  1
 412  1.4249292e+03 3.45e-02 3.00e+02   0.8 9.20e-01    -  1.00e+00 1.00e+00f  1
 413  1.4233404e+03 2.21e-02 7.59e+01   0.8 5.84e-01    -  1.00e+00 1.00e+00f  1
 414  1.4236771e+03 9.94e-02 1.43e+02   0.8 1.43e+00    -  1.00e+00 1.00e+00h  1
 415  1.4238445e+03 6.85e-01 2.92e+02   0.8 1.30e+01    -  1.00e+00 5.00e-01f  2
 416  1.4347080e+03 6.32e-02 3.16e+02   0.8 1.84e+01    -  1.00e+00 1.00e+00H  1
 417  1.4308699e+03 2.05e+00 1.33e+02   0.8 4.16e+00    -  1.00e+00 1.00e+00f  1
 418  1.4255929e+03 1.12e+00 1.14e+02   0.8 3.99e+00    -  1.00e+00 5.00e-01f  2
 419  1.4251290e+03 2.17e-01 9.08e+01   0.8 2.60e+00    -  1.00e+00 1.00e+00h  1
iter    objective    inf_pr   inf_du lg(mu)  ||d||  lg(rg) alpha_du alpha_pr  ls
 420  1.4273435e+03 1.92e-03 1.46e+02   0.8 4.25e+00    -  1.00e+00 1.00e+00H  1
 421  1.0634109e+03 3.46e+01 2.00e+03   0.7 1.54e+01    -  1.00e+00 5.00e-01f  2
 422  8.5950038e+02 3.27e+01 1.94e+02   0.6 5.47e+00    -  1.00e+00 1.00e+00f  1
 423  8.4755682e+02 1.22e+01 5.91e+02   0.6 1.05e+00    -  1.00e+00 1.00e+00f  1
 424  8.5685619e+02 1.18e+01 4.81e+02   0.6 2.18e+00    -  1.00e+00 1.00e+00h  1
 425  8.6074058e+02 2.17e+00 1.72e+03   0.6 4.89e+00    -  1.00e+00 1.00e+00f  1
 426  8.3989219e+02 1.22e+01 6.15e+03   0.6 1.04e+01    -  1.00e+00 1.00e+00f  1
 427  8.3417649e+02 2.31e-01 8.10e+03   0.6 7.95e+00    -  1.00e+00 1.00e+00H  1
 428  8.4458970e+02 2.19e+00 2.74e+03   0.6 5.37e+00    -  1.00e+00 1.00e+00f  1
 429  8.3397369e+02 8.40e-01 4.41e+01   0.6 1.25e+00    -  1.00e+00 1.00e+00f  1
iter    objective    inf_pr   inf_du lg(mu)  ||d||  lg(rg) alpha_du alpha_pr  ls
 430  8.3139254e+02 3.00e+01 6.07e+02   0.6 1.30e+00    -  1.00e+00 1.00e+00h  1
 431  8.3228476e+02 5.41e-02 3.12e+02   0.6 4.34e-01    -  1.00e+00 1.00e+00h  1
 432  8.3214244e+02 4.07e-01 3.89e+02   0.6 7.72e-01    -  1.00e+00 1.00e+00h  1
 433  8.3534634e+02 1.69e+00 1.04e+03   0.6 3.36e+00    -  1.00e+00 5.00e-01h  2
 434  8.3170874e+02 3.46e-03 1.48e+03   0.6 2.77e+00    -  1.00e+00 1.00e+00H  1
 435  8.3075128e+02 2.99e-02 1.45e+03   0.6 1.45e+00    -  1.00e+00 5.00e-01f  2
 436  8.2944014e+02 8.24e-02 3.20e+02   0.6 4.07e-01    -  1.00e+00 1.00e+00f  1
 437  8.2905697e+02 7.16e-02 3.33e+02   0.6 1.39e+00    -  1.00e+00 1.00e+00h  1
 438  8.2952112e+02 6.42e-02 6.52e+02   0.6 1.64e+01    -  1.00e+00 1.25e-01h  4
 439  8.3024468e+02 1.11e-01 1.24e+03   0.6 8.95e+00    -  1.00e+00 5.00e-01h  2
iter    objective    inf_pr   inf_du lg(mu)  ||d||  lg(rg) alpha_du alpha_pr  ls
 440  8.2935481e+02 2.15e+00 1.26e+03   0.6 1.50e+01    -  1.00e+00 2.50e-01h  3
 441  8.2687495e+02 3.01e+01 6.10e+02   0.6 7.22e+00    -  1.00e+00 1.00e+00h  1
 442  8.3880141e+02 1.29e-01 2.52e+02   0.6 1.42e+01    -  1.00e+00 1.00e+00H  1
 443  8.3048046e+02 1.31e-01 1.16e+03   0.6 5.26e+00    -  1.00e+00 1.00e+00F  1
 444  8.2477121e+02 5.34e-01 6.09e+02   0.6 1.79e+00    -  1.00e+00 5.00e-01f  2
 445  8.2571779e+02 2.63e-01 1.21e+02   0.6 4.64e+00    -  1.00e+00 1.00e+00h  1
 446  8.2482472e+02 2.41e-02 7.85e+01   0.6 1.31e+01    -  1.00e+00 1.00e+00H  1
 447  8.2433875e+02 8.89e-02 9.65e+01   0.6 2.63e+00    -  1.00e+00 1.00e+00f  1
 448  8.2720912e+02 1.29e-01 1.06e+02   0.6 1.48e+00    -  1.00e+00 1.00e+00f  1
 449  8.2494738e+02 6.46e-02 7.44e+01   0.6 1.68e+00    -  1.00e+00 1.00e+00h  1
iter    objective    inf_pr   inf_du lg(mu)  ||d||  lg(rg) alpha_du alpha_pr  ls
 450  8.2496419e+02 7.38e-02 1.17e+02   0.6 2.90e+00    -  1.00e+00 1.00e+00h  1
 451  8.2419347e+02 1.39e-01 3.04e+02   0.6 9.16e+00    -  1.00e+00 5.00e-01h  2
 452  8.2392959e+02 1.55e-01 3.25e+02   0.6 1.88e+01    -  1.00e+00 1.25e-01h  4
 453  8.2388191e+02 7.03e-03 8.18e+01   0.6 9.78e+00    -  1.00e+00 1.00e+00H  1
 454  4.9912886e+02 4.45e+01 3.22e+03   0.4 1.30e+01    -  1.00e+00 5.00e-01f  2
 455  4.5095195e+02 1.53e+01 5.39e+02   0.3 2.12e+01    -  1.00e+00 1.00e+00f  1
 456  4.7931206e+02 1.80e+01 6.40e+02   0.3 1.40e+00    -  1.00e+00 1.00e+00f  1
 457  4.6651043e+02 2.87e+01 3.75e+02   0.3 2.67e+00    -  1.00e+00 1.00e+00f  1
 458  4.6230000e+02 1.35e+00 2.08e+02   0.3 2.38e+00    -  1.00e+00 1.00e+00h  1
 459  4.5674475e+02 1.36e+01 1.66e+03   0.3 1.70e+01    -  1.00e+00 5.00e-01f  2
iter    objective    inf_pr   inf_du lg(mu)  ||d||  lg(rg) alpha_du alpha_pr  ls
 460  4.5966397e+02 2.63e-01 4.98e+03   0.3 9.52e+00    -  1.00e+00 1.00e+00H  1
 461  4.4963949e+02 3.01e+01 5.07e+03   0.3 4.44e+00    -  1.00e+00 5.00e-01f  2
 462  4.4524331e+02 3.00e+01 7.87e+02   0.3 1.89e+00    -  1.00e+00 1.00e+00f  1
 463  4.4636949e+02 4.29e-01 5.24e+02   0.3 2.36e+00    -  1.00e+00 1.00e+00h  1
 464  4.4981076e+02 3.00e+01 2.91e+03   0.3 6.36e+00    -  1.00e+00 1.00e+00f  1
 465  4.4833148e+02 2.24e+00 4.32e+03   0.3 5.06e+00    -  1.00e+00 1.00e+00h  1
 466  4.4327162e+02 2.08e+00 1.44e+03   0.3 2.39e+00    -  1.00e+00 1.00e+00f  1
 467  4.4353043e+02 2.55e-01 4.67e+01   0.3 1.68e+00    -  1.00e+00 1.00e+00f  1
 468  4.4467989e+02 1.24e+01 6.98e+02   0.3 2.56e+00    -  1.00e+00 1.00e+00h  1
 469  4.4320443e+02 2.16e+00 9.40e+02   0.3 2.04e+00    -  1.00e+00 1.00e+00h  1
iter    objective    inf_pr   inf_du lg(mu)  ||d||  lg(rg) alpha_du alpha_pr  ls
 470  4.4301328e+02 2.13e+00 4.19e+02   0.3 3.56e-01    -  1.00e+00 1.00e+00h  1
 471  4.4287615e+02 3.73e-02 2.31e+02   0.3 8.74e-01    -  1.00e+00 1.00e+00h  1
 472  4.4346709e+02 2.99e+01 1.29e+03   0.3 2.94e+00    -  1.00e+00 1.00e+00h  1
 473  4.4508950e+02 1.50e+01 3.07e+03   0.3 7.69e+00    -  1.00e+00 5.00e-01h  2
 474  4.4502887e+02 7.48e+00 3.64e+03   0.3 6.62e+00    -  1.00e+00 5.00e-01h  2
 475  4.4536748e+02 3.37e-02 2.16e+03   0.3 7.64e+00    -  1.00e+00 1.00e+00H  1
 476  4.4057742e+02 4.88e-01 1.04e+03   0.3 4.14e+00    -  1.00e+00 1.00e+00f  1
 477  4.4113029e+02 4.63e-03 4.63e+02   0.3 2.87e+00    -  1.00e+00 1.00e+00H  1
 478  2.1921770e+02 4.21e+01 4.31e+02  -0.1 1.12e+01    -  9.93e-01 1.00e+00f  1
 479  2.1370829e+02 1.55e+01 1.75e+03  -0.2 6.73e+00    -  1.00e+00 1.00e+00f  1
iter    objective    inf_pr   inf_du lg(mu)  ||d||  lg(rg) alpha_du alpha_pr  ls
 480  2.2218245e+02 2.94e+01 1.21e+02  -0.2 3.39e+00    -  1.00e+00 1.00e+00f  1
 481  2.1087983e+02 2.80e+01 1.60e+02  -0.2 8.20e-01    -  1.00e+00 1.00e+00f  1
 482  2.0056260e+02 1.30e+01 2.32e+02  -0.2 1.65e+00    -  1.00e+00 1.00e+00f  1
 483  1.9509126e+02 2.14e+00 1.82e+02  -0.2 2.28e+00    -  1.00e+00 1.00e+00f  1
 484  1.9938759e+02 1.41e+00 5.21e+02  -0.2 2.86e+00    -  1.00e+00 1.00e+00f  1
 485  2.0333237e+02 1.16e+01 2.00e+02  -0.2 7.93e-01    -  1.00e+00 1.00e+00f  1
 486  1.9872319e+02 1.10e+01 2.56e+01  -0.2 3.55e-01    -  1.00e+00 1.00e+00h  1
 487  1.9853770e+02 1.99e-02 4.18e+01  -0.2 4.16e-01    -  1.00e+00 1.00e+00h  1
 488  1.9003578e+02 2.84e+01 2.21e+03  -6.2 1.33e+01    -  5.54e-01 5.00e-01f  2
 489  1.5214532e+02 6.76e+01 1.66e+03  -0.7 3.38e+00    -  1.00e+00 1.00e+00f  1
iter    objective    inf_pr   inf_du lg(mu)  ||d||  lg(rg) alpha_du alpha_pr  ls
 490  3.4832471e+02 7.05e+01 4.20e+04   1.3 2.15e+02    -  1.00e+00 4.62e-02f  2
 491  2.1409058e+03 2.12e+02 3.71e+03   1.3 3.20e+01    -  1.00e+00 1.00e+00f  1
 492  4.6675550e+03 1.65e+02 5.74e+03   1.3 1.92e+01    -  1.00e+00 1.00e+00f  1
 493  4.1586949e+03 3.95e+01 1.72e+04   1.3 1.17e+01    -  1.00e+00 1.00e+00f  1
 494  3.8885342e+03 5.63e+01 1.65e+04   1.3 1.14e+01    -  1.00e+00 1.00e+00f  1
 495  3.7888693e+03 3.44e+01 1.10e+04   1.3 1.17e+01    -  1.00e+00 1.00e+00f  1
 496  3.9963895e+03 3.01e+01 6.24e+03   1.3 6.11e+00    -  1.00e+00 1.00e+00f  1
 497  4.0907304e+03 3.01e+01 3.16e+03   1.3 7.49e+00    -  1.00e+00 1.00e+00f  1
 498  4.1600916e+03 1.35e+01 2.18e+03   1.3 7.44e+00    -  1.00e+00 1.00e+00f  1
 499  4.1250280e+03 3.46e+00 3.39e+03   1.3 1.10e+01    -  1.00e+00 1.00e+00f  1
iter    objective    inf_pr   inf_du lg(mu)  ||d||  lg(rg) alpha_du alpha_pr  ls
 500  4.1879976e+03 2.16e+00 7.47e+02   1.3 8.84e+00    -  1.00e+00 1.00e+00h  1
 501  4.1354144e+03 2.86e+00 9.25e+02   1.3 2.76e+00    -  1.00e+00 1.00e+00f  1
 502  4.1622923e+03 1.44e+00 9.92e+01   1.3 2.93e+00    -  1.00e+00 1.00e+00f  1
 503  1.5711596e+03 1.41e+02 8.59e+03   0.6 1.46e+01    -  8.78e-01 1.00e+00f  1
 504  9.7144077e+02 4.62e+01 1.10e+03   0.6 2.24e+01    -  1.00e+00 8.34e-01f  1
 505  8.8600251e+02 4.15e+01 2.25e+03   0.6 1.06e+01    -  1.00e+00 1.00e+00f  1
 506  8.1756774e+02 2.37e+01 6.27e+03   0.6 1.88e+01    -  1.00e+00 1.00e+00f  1
 507  8.3289405e+02 7.21e+00 1.60e+04   0.6 3.54e+01    -  1.00e+00 1.00e+00H  1
 508  8.0637080e+02 3.13e+01 1.05e+04   0.6 5.17e+00    -  1.00e+00 1.00e+00f  1
 509  8.0117671e+02 2.86e+01 2.73e+02   0.6 2.29e+00    -  1.00e+00 1.00e+00f  1
iter    objective    inf_pr   inf_du lg(mu)  ||d||  lg(rg) alpha_du alpha_pr  ls
 510  7.9386258e+02 2.85e+01 5.11e+02   0.6 2.03e+00    -  1.00e+00 1.00e+00f  1
 511  7.9341930e+02 1.42e+00 1.57e+03   0.6 4.92e+00    -  1.00e+00 1.00e+00f  1
 512  8.0276403e+02 4.05e-01 4.82e+03   0.6 7.59e+00    -  1.00e+00 1.00e+00H  1
 513  7.9184379e+02 9.46e-01 3.59e+03   0.6 2.23e+00    -  1.00e+00 1.00e+00f  1
 514  7.8381642e+02 1.34e+00 5.48e+02   0.6 9.77e-01    -  1.00e+00 1.00e+00f  1
 515  7.8319390e+02 2.85e+01 6.29e+02   0.6 1.03e+00    -  1.00e+00 1.00e+00h  1
 516  7.9024965e+02 8.24e-02 2.30e+03   0.6 4.65e+00    -  1.00e+00 1.00e+00H  1
 517  7.8229008e+02 1.00e+00 1.70e+03   0.6 1.11e+00    -  1.00e+00 1.00e+00f  1
 518  7.7974702e+02 1.00e+00 6.63e+02   0.6 1.36e+00    -  1.00e+00 1.00e+00f  1
 519  7.7722211e+02 2.19e+00 5.14e+02   0.6 8.18e-01    -  1.00e+00 1.00e+00h  1
iter    objective    inf_pr   inf_du lg(mu)  ||d||  lg(rg) alpha_du alpha_pr  ls
 520  7.7738806e+02 3.01e+01 1.32e+03   0.6 2.02e+00    -  1.00e+00 1.00e+00h  1
 521  7.7941561e+02 1.51e+01 1.84e+03   0.6 2.73e+00    -  1.00e+00 5.00e-01h  2
 522  7.7559962e+02 2.20e-01 1.55e+03   0.6 1.40e+00    -  1.00e+00 1.00e+00h  1
 523  7.7220360e+02 2.19e+00 2.69e+02   0.6 6.94e-01    -  1.00e+00 1.00e+00h  1
 524  7.7311806e+02 7.21e-02 1.97e+02   0.6 8.00e-01    -  1.00e+00 1.00e+00h  1
 525  7.7499824e+02 1.67e+00 4.67e+02   0.6 1.14e+00    -  1.00e+00 1.00e+00h  1
 526  7.7469807e+02 1.03e-01 5.36e+02   0.6 1.58e+00    -  1.00e+00 1.00e+00h  1
 527  7.7240301e+02 7.94e-03 2.14e+02   0.6 5.82e-01    -  1.00e+00 1.00e+00h  1
 528  7.7263573e+02 4.91e-01 1.33e+02   0.6 3.83e-01    -  1.00e+00 1.00e+00f  1
 529  7.7298426e+02 9.99e-03 1.27e+02   0.6 6.15e-01    -  1.00e+00 1.00e+00h  1
iter    objective    inf_pr   inf_du lg(mu)  ||d||  lg(rg) alpha_du alpha_pr  ls
 530  7.7319834e+02 1.37e-04 3.07e+02   0.6 1.93e+00    -  1.00e+00 1.00e+00H  1
 531  7.7313660e+02 9.48e-03 2.80e+02   0.6 3.28e+00    -  1.00e+00 5.00e-01f  2
 532  5.8559341e+02 3.20e+01 1.33e+03   0.5 6.95e+00    -  1.00e+00 5.00e-01f  2
 533  6.1451037e+02 2.99e+01 4.35e+01   0.5 1.53e+00    -  1.00e+00 1.00e+00f  1
 534  6.2850347e+02 4.56e-01 4.13e+02   0.5 9.94e-01    -  1.00e+00 1.00e+00h  1
 535  6.2411245e+02 9.60e-02 3.36e+02   0.5 8.25e-01    -  1.00e+00 1.00e+00h  1
 536  6.2057858e+02 1.17e+01 7.91e+02   0.5 3.48e+00    -  1.00e+00 2.50e-01f  3
 537  6.1299860e+02 1.06e+01 1.05e+03   0.5 1.36e+00    -  1.00e+00 1.00e+00h  1
 538  6.1626506e+02 1.17e-01 2.55e+03   0.5 2.92e+00    -  1.00e+00 1.00e+00H  1
 539  6.1108828e+02 1.66e+00 1.23e+03   0.5 1.54e+00    -  1.00e+00 1.00e+00f  1
iter    objective    inf_pr   inf_du lg(mu)  ||d||  lg(rg) alpha_du alpha_pr  ls
 540  6.1282955e+02 1.67e+00 3.81e+02   0.5 2.86e-01    -  1.00e+00 1.00e+00h  1
 541  6.1231459e+02 8.13e-01 4.17e+02   0.5 3.88e-01    -  1.00e+00 1.00e+00h  1
 542  6.1272832e+02 1.38e-01 6.33e+02   0.5 1.21e+00    -  1.00e+00 1.00e+00h  1
 543  6.1567312e+02 4.41e-03 1.89e+03   0.5 3.07e+00    -  1.00e+00 1.00e+00H  1
 544  6.1433734e+02 4.29e-02 1.78e+03   0.5 1.17e+00    -  1.00e+00 5.00e-01f  2
 545  6.1121024e+02 4.27e-02 4.51e+02   0.5 9.89e-01    -  1.00e+00 1.00e+00h  1
 546  6.0998896e+02 1.36e+00 2.01e+02   0.5 3.87e-01    -  1.00e+00 1.00e+00h  1
 547  6.1121002e+02 9.29e-01 5.24e+02   0.5 8.32e-01    -  1.00e+00 1.00e+00h  1
 548  6.1054428e+02 4.68e-02 6.37e+02   0.5 1.85e+00    -  1.00e+00 1.00e+00H  1
 549  6.0908554e+02 9.91e-01 7.22e+01   0.5 8.31e-01    -  1.00e+00 1.00e+00f  1
iter    objective    inf_pr   inf_du lg(mu)  ||d||  lg(rg) alpha_du alpha_pr  ls
 550  6.0909407e+02 2.08e-01 1.27e+02   0.5 7.76e-01    -  1.00e+00 1.00e+00h  1
 551  6.1162387e+02 1.35e-03 7.20e+02   0.5 1.32e+00    -  1.00e+00 1.00e+00H  1
 552  3.0488955e+02 7.56e+01 3.65e+03  -0.2 3.15e+01    -  7.56e-01 5.00e-01f  2
 553  2.5326404e+02 4.43e+01 7.58e+03  -0.0 2.00e+01    -  1.00e+00 1.00e+00f  1
 554  3.1497656e+02 4.28e+01 9.37e+03  -0.0 2.34e+01    -  1.00e+00 1.00e+00f  1
 555  3.0610389e+02 3.71e+01 7.56e+03  -0.0 4.58e+00    -  1.00e+00 1.00e+00h  1
 556  2.5273236e+02 2.84e+01 3.89e+03  -0.0 3.66e+00    -  1.00e+00 1.00e+00f  1
 557  2.5384557e+02 1.12e+01 7.89e+02  -0.0 7.74e-01    -  1.00e+00 1.00e+00h  1
 558  2.5057320e+02 1.20e+01 5.69e+02  -0.0 8.59e-01    -  1.00e+00 1.00e+00h  1
 559  2.4451488e+02 4.82e+00 3.14e+03  -0.0 6.98e+00    -  1.00e+00 1.00e+00f  1
iter    objective    inf_pr   inf_du lg(mu)  ||d||  lg(rg) alpha_du alpha_pr  ls
 560  2.5487702e+02 5.41e-01 7.59e+03  -0.0 1.27e+01    -  1.00e+00 1.00e+00H  1
 561  2.4241353e+02 2.81e+01 4.14e+03  -0.0 3.01e+00    -  1.00e+00 1.00e+00f  1
 562  2.4396373e+02 1.26e+01 2.59e+02  -0.0 9.86e-01    -  1.00e+00 1.00e+00f  1
 563  2.4436889e+02 8.97e-01 5.44e+02  -0.0 1.28e+00    -  1.00e+00 1.00e+00h  1
 564  2.4467219e+02 2.39e+00 4.54e+02  -0.0 1.40e+00    -  1.00e+00 1.00e+00h  1
 565  2.4377505e+02 2.08e+00 1.21e+03  -0.0 3.22e+00    -  1.00e+00 1.00e+00h  1
 566  2.4729404e+02 9.63e-02 3.61e+03  -0.0 8.13e+00    -  1.00e+00 1.00e+00H  1
 567  2.4725093e+02 9.48e-02 3.59e+03  -0.0 1.21e+00    -  1.00e+00 1.56e-02f  7
 568  2.4554580e+02 2.21e+00 1.19e+02  -0.0 1.46e+00    -  1.00e+00 1.00e+00f  1
 569  2.4435342e+02 1.55e-01 4.09e+01  -0.0 9.90e-01    -  1.00e+00 1.00e+00h  1
iter    objective    inf_pr   inf_du lg(mu)  ||d||  lg(rg) alpha_du alpha_pr  ls
 570  2.4484829e+02 2.57e-02 1.42e+02  -0.0 6.78e-01    -  1.00e+00 1.00e+00h  1
 571  2.4507534e+02 2.83e-02 9.03e+01  -0.0 7.91e-01    -  1.00e+00 1.00e+00h  1
 572  2.0039021e+02 2.97e+01 2.32e+02  -0.1 4.03e+00    -  1.00e+00 5.00e-01f  2
 573  1.9790882e+02 2.19e+00 9.67e+01  -0.2 1.31e+00    -  1.00e+00 1.00e+00h  1
 574  1.9841967e+02 2.36e+00 2.10e+02  -0.2 2.40e-01    -  1.00e+00 1.00e+00h  1
 575  1.9664541e+02 2.11e-01 1.79e+02  -0.2 5.90e-01    -  1.00e+00 1.00e+00h  1
 576  1.9089709e+02 1.36e+00 7.00e+02  -0.2 2.02e+00    -  1.00e+00 1.00e+00h  1
 577  1.8955305e+02 2.82e+01 1.45e+03  -0.2 1.43e+00    -  1.00e+00 1.00e+00h  1
 578  1.9369465e+02 1.30e+00 8.16e+02  -0.2 5.66e-01    -  1.00e+00 1.00e+00h  1
 579  1.9285650e+02 7.24e-02 1.75e+02  -0.2 5.02e-01    -  1.00e+00 1.00e+00h  1
iter    objective    inf_pr   inf_du lg(mu)  ||d||  lg(rg) alpha_du alpha_pr  ls
 580  1.5017022e+02 2.81e+01 1.47e+03  -6.2 1.03e+01    -  6.48e-01 1.00e+00f  1
 581  5.9187122e+02 2.58e+02 3.27e+04   1.3 1.05e+03    -  1.00e+00 4.89e-02f  1
 582  5.6461407e+03 8.35e+02 5.17e+03   1.2 3.40e+01    -  1.00e+00 1.00e+00f  1
 583  4.3071733e+03 2.04e+02 7.35e+03   1.2 2.50e+01    -  1.00e+00 1.00e+00f  1
 584  3.2103589e+03 2.16e+02 8.68e+03   1.2 9.63e+00    -  4.63e-01 1.00e+00f  1
 585  3.5172276e+03 1.04e+02 1.96e+04   1.2 1.50e+01    -  1.00e+00 1.00e+00f  1
 586  3.6403935e+03 3.18e+01 1.99e+04   1.2 1.12e+01    -  1.00e+00 1.00e+00f  1
 587  3.6540824e+03 6.97e+01 1.61e+04   1.2 1.09e+01    -  1.00e+00 1.00e+00f  1
 588  3.6277515e+03 1.88e+02 2.65e+04   1.2 2.75e+01    -  1.00e+00 1.00e+00f  1
 589  3.6186416e+03 1.11e+02 2.17e+04   1.2 1.61e+01    -  1.00e+00 1.00e+00f  1
iter    objective    inf_pr   inf_du lg(mu)  ||d||  lg(rg) alpha_du alpha_pr  ls
 590  3.7524854e+03 2.69e+01 8.95e+03   1.2 1.88e+01    -  1.00e+00 1.00e+00f  1
 591  3.7401633e+03 7.49e+00 2.50e+03   1.2 1.19e+01    -  1.00e+00 1.00e+00H  1
 592  3.7449078e+03 3.05e+01 3.84e+03   1.2 5.54e+00    -  1.00e+00 1.00e+00f  1
 593  3.7411064e+03 2.90e+01 1.90e+03   1.2 2.25e+00    -  1.00e+00 1.00e+00f  1
 594  3.7964825e+03 1.50e+01 3.88e+02   1.2 2.71e+00    -  1.00e+00 1.00e+00f  1
 595  3.7611738e+03 1.68e+00 8.51e+02   1.2 1.28e+00    -  1.00e+00 1.00e+00f  1
 596  3.7591954e+03 1.24e+01 5.80e+02   1.2 2.55e+00    -  1.00e+00 1.00e+00f  1
 597  3.7419841e+03 2.99e+01 1.63e+03   1.2 8.26e+00    -  1.00e+00 1.00e+00f  1
 598  3.7654696e+03 2.96e+01 1.53e+03   1.2 1.75e+01    -  1.00e+00 1.00e+00h  1
 599  3.7984849e+03 2.51e+00 1.79e+02   1.2 9.48e+00    -  1.00e+00 1.00e+00h  1
iter    objective    inf_pr   inf_du lg(mu)  ||d||  lg(rg) alpha_du alpha_pr  ls
 600  3.7774904e+03 2.43e+00 2.77e+02   1.2 5.89e+00    -  1.00e+00 1.00e+00f  1
 601  3.7715136e+03 2.46e+00 5.11e+02   1.2 3.37e+00    -  1.00e+00 1.00e+00f  1
 602  3.7743223e+03 3.13e-01 3.62e+02   1.2 5.35e+00    -  1.00e+00 1.00e+00f  1
 603  3.7833409e+03 2.17e+00 1.82e+02   1.2 2.32e+01    -  1.00e+00 5.00e-01f  2
 604  3.7900346e+03 2.46e+00 1.78e+02   1.2 1.24e+01    -  1.00e+00 1.00e+00f  1
 605  3.7847373e+03 9.44e-03 7.24e+02   1.2 8.38e+00    -  1.00e+00 1.00e+00H  1
 606  3.7787749e+03 2.23e+00 2.14e+02   1.2 2.80e+00    -  1.00e+00 1.00e+00f  1
 607  3.7845369e+03 2.21e+00 1.17e+02   1.2 5.81e+00    -  1.00e+00 1.00e+00f  1
 608  1.0841166e+03 4.84e+02 1.92e+04   0.5 3.00e+01    -  9.05e-01 1.00e+00f  1
 609  7.3463313e+02 1.28e+02 1.59e+03   0.5 4.84e+01    -  1.00e+00 1.00e+00f  1
iter    objective    inf_pr   inf_du lg(mu)  ||d||  lg(rg) alpha_du alpha_pr  ls
 610  9.7994705e+02 3.36e+01 3.23e+03   0.5 1.65e+01    -  1.00e+00 1.00e+00f  1
 611  8.8834925e+02 6.98e+01 3.58e+03   0.5 5.08e+00    -  1.00e+00 1.00e+00f  1
 612  7.8456136e+02 1.68e+01 3.62e+03   0.5 5.80e+00    -  1.00e+00 1.00e+00f  1
 613  7.6842303e+02 2.84e+01 4.17e+03   0.5 5.62e+00    -  1.00e+00 1.00e+00f  1
 614  7.8006813e+02 3.05e+01 3.93e+03   0.5 1.09e+01    -  1.00e+00 1.00e+00f  1
 615  7.8110897e+02 3.64e+00 5.09e+03   0.5 1.29e+01    -  1.00e+00 1.00e+00f  1
 616  7.3636541e+02 3.07e+01 5.78e+03   0.5 1.17e+01    -  1.00e+00 1.00e+00f  1
 617  7.1982140e+02 1.36e+01 3.09e+03   0.5 5.22e+00    -  1.00e+00 1.00e+00f  1
 618  7.2286700e+02 1.53e+00 1.55e+03   0.5 3.06e+00    -  1.00e+00 1.00e+00f  1
 619  7.2074994e+02 1.54e+00 1.25e+03   0.5 5.93e+00    -  1.00e+00 1.00e+00f  1
iter    objective    inf_pr   inf_du lg(mu)  ||d||  lg(rg) alpha_du alpha_pr  ls
 620  7.2135930e+02 2.95e+01 3.80e+03   0.5 1.24e+01    -  1.00e+00 1.00e+00f  1
 621  7.2193224e+02 2.85e+01 5.12e+03   0.5 8.03e+00    -  1.00e+00 1.00e+00f  1
 622  7.0436330e+02 9.01e-01 9.07e+02   0.5 3.55e+00    -  1.00e+00 1.00e+00h  1
 623  7.0536277e+02 2.85e-01 1.88e+02   0.5 2.42e+00    -  1.00e+00 1.00e+00f  1
 624  7.0367343e+02 2.12e+00 3.35e+02   0.5 2.80e+00    -  1.00e+00 1.00e+00f  1
 625  7.1036723e+02 2.99e+01 2.13e+03   0.5 4.73e+00    -  1.00e+00 1.00e+00f  1
 626  7.1003115e+02 1.76e+00 2.20e+03   0.5 6.18e+00    -  1.00e+00 1.00e+00h  1
 627  6.9989183e+02 1.26e+01 1.34e+03   0.5 6.87e+00    -  1.00e+00 1.00e+00f  1
 628  6.9716159e+02 1.42e-01 8.59e+02   0.5 3.94e+00    -  1.00e+00 1.00e+00H  1
 629  6.9741832e+02 5.12e-01 4.10e+02   0.5 3.42e+00    -  1.00e+00 1.00e+00f  1
iter    objective    inf_pr   inf_du lg(mu)  ||d||  lg(rg) alpha_du alpha_pr  ls
 630  6.9647027e+02 3.54e-02 4.64e+01   0.5 1.02e+00    -  1.00e+00 1.00e+00h  1
 631  6.9611731e+02 2.01e-01 1.73e+02   0.5 2.02e+00    -  1.00e+00 1.00e+00f  1
 632  6.9722293e+02 2.77e-01 4.54e+02   0.5 1.40e+01    -  1.00e+00 2.50e-01f  3
 633  6.9764900e+02 1.38e+00 5.30e+02   0.5 1.01e+01    -  1.00e+00 5.00e-01f  2
 634  6.9691814e+02 4.22e-02 3.84e+02   0.5 6.53e+00    -  1.00e+00 1.00e+00H  1
 635  6.9579434e+02 2.87e+01 2.98e+02   0.5 1.80e+00    -  1.00e+00 5.00e-01f  2
 636  6.9622110e+02 2.21e-01 2.83e+02   0.5 2.14e+00    -  1.00e+00 1.00e+00f  1
 637  6.9589491e+02 1.59e-02 3.77e+02   0.5 3.25e+00    -  1.00e+00 1.00e+00H  1
 638  6.9459144e+02 1.17e+01 3.76e+02   0.5 1.95e+00    -  1.00e+00 1.00e+00f  1
 639  6.9434573e+02 3.69e-02 7.44e+01   0.5 1.25e+00    -  1.00e+00 1.00e+00h  1
iter    objective    inf_pr   inf_du lg(mu)  ||d||  lg(rg) alpha_du alpha_pr  ls
 640  6.9424343e+02 1.96e-02 1.20e+01   0.5 8.46e-01    -  1.00e+00 1.00e+00f  1
 641  2.8170190e+02 6.21e+01 2.41e+03  -0.2 9.03e+00    -  7.40e-01 1.00e+00f  1
 642  2.3476273e+02 2.72e+01 5.07e+02  -0.2 2.18e+00    -  1.00e+00 1.00e+00f  1
 643  2.2995983e+02 2.84e+00 5.27e+01  -0.2 1.07e+00    -  1.00e+00 1.00e+00f  1
 644  2.2060912e+02 3.06e+01 1.28e+02  -0.2 1.78e+00    -  1.00e+00 1.00e+00f  1
 645  2.0800729e+02 1.44e+01 3.27e+02  -0.2 2.85e+00    -  1.00e+00 1.00e+00f  1
 646  1.9816149e+02 1.23e+01 5.32e+02  -0.2 5.03e+00    -  1.00e+00 1.00e+00f  1
 647  2.0294920e+02 1.17e+01 3.24e+02  -0.2 1.21e+00    -  1.00e+00 1.00e+00f  1
 648  2.0477039e+02 1.11e+01 1.51e+02  -0.2 4.71e-01    -  1.00e+00 1.00e+00h  1
 649  2.0344350e+02 1.02e+01 7.99e+01  -0.2 6.42e-01    -  1.00e+00 1.00e+00h  1
iter    objective    inf_pr   inf_du lg(mu)  ||d||  lg(rg) alpha_du alpha_pr  ls
 650  2.0109725e+02 1.12e+01 4.39e+02  -0.2 2.76e+00    -  1.00e+00 1.00e+00h  1
 651  2.0021032e+02 6.49e-02 1.15e+03  -0.2 6.33e+00    -  1.00e+00 1.00e+00H  1
 652  1.8232026e+02 3.63e+01 4.22e+02  -1.2 1.93e+01    -  5.89e-01 5.00e-01f  2
 653  1.5605068e+02 2.64e+01 1.15e+03  -0.6 5.38e+00    -  1.00e+00 1.00e+00f  1
 654  2.6450888e+02 3.45e+01 2.13e+03  -0.1 1.19e+01    -  1.00e+00 1.00e+00f  1
 655  2.0672465e+02 1.66e+01 2.40e+02  -0.2 6.60e+00    -  1.00e+00 1.00e+00f  1
 656  1.8912786e+02 1.07e+01 1.64e+02  -0.2 3.31e+00    -  1.00e+00 1.00e+00f  1
 657  1.9362411e+02 9.65e-01 1.96e+02  -0.2 1.22e+00    -  1.00e+00 1.00e+00f  1
 658  1.9644689e+02 2.99e-02 6.64e+01  -0.2 3.04e-01    -  1.00e+00 1.00e+00h  1
 659  1.6247052e+02 2.94e+01 8.35e+01  -0.6 3.64e+00    -  1.00e+00 1.00e+00f  1
iter    objective    inf_pr   inf_du lg(mu)  ||d||  lg(rg) alpha_du alpha_pr  ls
 660  1.4251295e+02 1.09e+01 1.01e+03  -6.6 5.37e+00    -  8.48e-01 1.00e+00f  1
 661  1.7381851e+02 1.58e+01 9.78e+03   0.6 1.95e+02    -  1.00e+00 1.81e-02f  3
 662  6.1602465e+02 1.38e+02 1.42e+03   0.5 2.44e+01    -  8.76e-01 1.00e+00f  1
 663  7.3343030e+02 4.45e+01 5.70e+02   0.5 6.38e+00    -  1.00e+00 1.00e+00f  1
 664  6.2938407e+02 2.48e+01 1.26e+03   0.5 4.16e+00    -  1.00e+00 1.00e+00f  1
 665  6.3057693e+02 2.95e+01 6.31e+02   0.5 6.22e-01    -  1.00e+00 1.00e+00f  1
 666  6.3605464e+02 2.99e+01 3.14e+02   0.5 3.92e-01    -  1.00e+00 1.00e+00h  1
 667  6.4061647e+02 2.31e+00 2.97e+02   0.5 4.04e-01    -  1.00e+00 1.00e+00h  1
 668  6.4140244e+02 2.10e+00 8.87e+01   0.5 5.70e-01    -  1.00e+00 1.00e+00h  1
 669  6.3995211e+02 3.69e-02 1.57e+02   0.5 1.21e+00    -  1.00e+00 1.00e+00H  1
iter    objective    inf_pr   inf_du lg(mu)  ||d||  lg(rg) alpha_du alpha_pr  ls
 670  6.4094893e+02 8.74e-01 2.58e+02   0.5 3.05e-01    -  1.00e+00 1.00e+00f  1
 671  6.4155344e+02 3.00e-02 1.54e+01   0.5 1.17e-01    -  1.00e+00 1.00e+00h  1
 672  3.0673989e+02 2.82e+01 1.90e+03  -0.2 4.83e+00    -  9.06e-01 1.00e+00f  1
 673  2.2710212e+02 2.76e+01 4.86e+02  -0.2 3.06e+00    -  1.00e+00 1.00e+00f  1
 674  2.0697027e+02 2.86e+01 3.19e+02  -0.2 1.63e+00    -  1.00e+00 1.00e+00f  1
 675  2.0349840e+02 2.88e+01 6.13e+02  -0.2 1.80e+00    -  1.00e+00 1.00e+00f  1
 676  2.0742249e+02 6.07e+00 6.92e+02  -0.2 2.39e+00    -  1.00e+00 1.00e+00f  1
 677  2.0289008e+02 9.36e-01 1.31e+02  -0.2 1.35e+00    -  1.00e+00 1.00e+00f  1
 678  1.9896790e+02 3.30e-01 1.09e+02  -0.2 5.03e-01    -  1.00e+00 1.00e+00f  1
 679  1.9849674e+02 2.37e+00 4.57e+01  -0.2 7.80e-01    -  1.00e+00 1.00e+00h  1
iter    objective    inf_pr   inf_du lg(mu)  ||d||  lg(rg) alpha_du alpha_pr  ls
 680  1.9983177e+02 2.32e+00 3.02e+02  -0.2 2.72e+00    -  1.00e+00 1.00e+00f  1
 681  1.9822400e+02 1.78e+00 4.36e+02  -0.2 4.35e+00    -  1.00e+00 1.00e+00h  1
 682  1.9602639e+02 1.99e-02 1.22e+02  -0.2 3.32e+00    -  1.00e+00 1.00e+00H  1
 683  1.7116193e+02 2.92e+01 7.17e+02  -0.4 2.06e+00    -  1.00e+00 1.00e+00f  1
 684  1.6506751e+02 2.02e+00 9.71e+02  -0.5 3.51e+00    -  1.00e+00 1.00e+00f  1
 685  1.4260616e+03 5.62e+02 5.18e+04   1.5 1.01e+03    -  1.00e+00 6.56e-02f  1
 686  5.4778770e+03 6.50e+02 2.48e+03   1.4 2.68e+01    -  1.00e+00 1.00e+00f  1
 687  5.6677508e+03 1.93e+02 1.56e+04   1.4 1.99e+01    -  1.00e+00 1.00e+00f  1
 688  5.3403055e+03 8.34e+01 1.52e+04   1.4 1.18e+01    -  1.00e+00 1.00e+00f  1
 689  5.6421082e+03 8.25e+01 2.01e+04   1.4 1.54e+01    -  1.00e+00 1.00e+00f  1
iter    objective    inf_pr   inf_du lg(mu)  ||d||  lg(rg) alpha_du alpha_pr  ls
 690  5.8377572e+03 2.76e+01 2.21e+04   1.4 2.25e+01    -  1.00e+00 1.00e+00f  1
 691  5.9462087e+03 2.98e+01 1.34e+04   1.4 1.44e+01    -  1.00e+00 1.00e+00f  1
 692  5.9468634e+03 3.73e+00 4.21e+03   1.4 1.20e+01    -  1.00e+00 1.00e+00f  1
 693  5.9567669e+03 3.02e+01 1.11e+03   1.4 6.84e+00    -  1.00e+00 1.00e+00f  1
 694  5.9399997e+03 2.64e+00 1.73e+03   1.4 7.39e+00    -  1.00e+00 1.00e+00f  1
 695  5.9470762e+03 1.46e+00 2.28e+03   1.4 8.55e+00    -  1.00e+00 1.00e+00f  1
 696  5.9659476e+03 6.83e-01 4.56e+02   1.4 7.30e+00    -  1.00e+00 1.00e+00f  1
 697  5.9679752e+03 5.78e-01 1.95e+02   1.4 6.59e+00    -  1.00e+00 1.00e+00f  1
 698  2.1881197e+03 3.28e+02 2.41e+04   0.7 3.52e+01    -  8.92e-01 1.00e+00f  1
 699  1.4913967e+03 5.73e+01 4.44e+03   0.7 3.44e+01    -  1.00e+00 1.00e+00f  1
iter    objective    inf_pr   inf_du lg(mu)  ||d||  lg(rg) alpha_du alpha_pr  ls
 700  1.3850531e+03 1.52e+02 9.95e+03   0.7 3.35e+01    -  1.00e+00 1.00e+00f  1
 701  1.3269286e+03 1.93e+01 1.24e+04   0.7 1.28e+01    -  1.00e+00 1.00e+00f  1
 702  1.3279424e+03 2.04e+01 5.89e+03   0.7 5.93e+00    -  1.00e+00 1.00e+00f  1
 703  1.2946161e+03 2.75e+01 3.35e+03   0.7 5.52e+00    -  1.00e+00 1.00e+00f  1
 704  1.2580448e+03 3.02e+01 1.01e+04   0.7 2.20e+01    -  1.00e+00 1.00e+00f  1
 705  1.2451978e+03 8.55e+00 1.02e+04   0.7 7.28e+00    -  1.00e+00 1.00e+00f  1
 706  1.2385368e+03 1.42e+00 2.15e+03   0.7 3.50e+00    -  1.00e+00 1.00e+00f  1
 707  1.2304404e+03 1.20e+00 1.63e+03   0.7 3.91e+00    -  1.00e+00 1.00e+00f  1
 708  1.2358816e+03 3.28e+00 4.95e+03   0.7 9.10e+00    -  1.00e+00 1.00e+00f  1
 709  1.2334608e+03 2.85e+01 4.86e+03   0.7 3.99e+00    -  1.00e+00 1.00e+00f  1
iter    objective    inf_pr   inf_du lg(mu)  ||d||  lg(rg) alpha_du alpha_pr  ls
 710  1.2109618e+03 4.68e-01 1.42e+03   0.7 2.56e+00    -  1.00e+00 1.00e+00f  1
 711  1.2149629e+03 3.64e-01 6.74e+02   0.7 1.01e+00    -  1.00e+00 1.00e+00f  1
 712  1.2139381e+03 1.75e-01 5.32e+02   0.7 1.29e+00    -  1.00e+00 1.00e+00h  1
 713  1.2213388e+03 3.99e-03 8.23e+02   0.7 4.67e+00    -  1.00e+00 1.00e+00H  1
 714  1.2138573e+03 1.89e-01 7.43e+02   0.7 3.55e+00    -  1.00e+00 1.00e+00f  1
 715  1.2118323e+03 9.09e-04 5.33e+02   0.7 9.58e-01    -  1.00e+00 1.00e+00H  1
 716  1.2121103e+03 1.36e+00 3.65e+02   0.7 5.57e-01    -  1.00e+00 1.00e+00f  1
 717  1.2114756e+03 1.36e+00 2.23e+02   0.7 2.42e-01    -  1.00e+00 1.00e+00h  1
 718  1.2125353e+03 5.78e-02 3.12e+02   0.7 1.38e+00    -  1.00e+00 1.00e+00h  1
 719  1.2123321e+03 2.87e-04 3.44e+02   0.7 1.56e+00    -  1.00e+00 1.00e+00H  1
iter    objective    inf_pr   inf_du lg(mu)  ||d||  lg(rg) alpha_du alpha_pr  ls
 720  1.2110721e+03 1.90e-01 3.09e+02   0.7 1.18e+00    -  1.00e+00 5.00e-01f  2
 721  1.2111440e+03 2.87e+01 3.30e+01   0.7 2.25e-01    -  1.00e+00 1.00e+00h  1
 722  4.5677985e+02 8.19e+01 4.63e+03   0.0 6.38e+00    -  7.03e-01 1.00e+00f  1
 723  3.1837865e+02 2.49e+01 7.79e+02   0.0 7.49e+00    -  1.00e+00 1.00e+00f  1
 724  2.9309925e+02 1.26e+01 4.92e+02   0.0 4.25e+00    -  1.00e+00 1.00e+00f  1
 725  2.7573303e+02 3.41e+01 1.07e+03   0.0 5.70e+00    -  1.00e+00 1.00e+00f  1
 726  2.7595672e+02 1.25e+01 2.36e+03   0.0 4.65e+00    -  1.00e+00 1.00e+00f  1
 727  2.7176238e+02 1.03e+01 2.74e+03   0.0 2.53e+00    -  1.00e+00 1.00e+00f  1
 728  2.6804218e+02 1.23e+01 9.43e+02   0.0 1.07e+00    -  1.00e+00 1.00e+00f  1
 729  2.6862015e+02 3.98e-01 1.29e+03   0.0 1.54e+00    -  1.00e+00 1.00e+00f  1
iter    objective    inf_pr   inf_du lg(mu)  ||d||  lg(rg) alpha_du alpha_pr  ls
 730  2.6605926e+02 3.02e+01 4.83e+03   0.0 5.38e+00    -  1.00e+00 1.00e+00f  1
 731  2.6746237e+02 1.24e+01 7.08e+03   0.0 4.26e+00    -  1.00e+00 1.00e+00f  1
 732  2.7763935e+02 1.92e+00 3.09e+03   0.0 2.78e+00    -  1.00e+00 1.00e+00f  1
 733  2.6558504e+02 1.06e+00 9.69e+02   0.0 1.81e+00    -  1.00e+00 1.00e+00f  1
 734  2.6528205e+02 1.39e+00 9.01e+02   0.0 1.86e+00    -  1.00e+00 1.00e+00h  1
 735  2.6948643e+02 4.30e-01 4.92e+03   0.0 7.74e+00    -  1.00e+00 1.00e+00H  1
 736  2.7688622e+02 2.04e-01 9.58e+03   0.0 1.12e+01    -  1.00e+00 1.00e+00H  1
 737  2.6875589e+02 2.98e+01 7.52e+03   0.0 3.41e+00    -  1.00e+00 5.00e-01f  2
 738  2.6374581e+02 4.34e-01 2.17e+02   0.0 3.05e+00    -  1.00e+00 1.00e+00f  1
 739  2.6605479e+02 1.21e+00 7.19e+02   0.0 2.85e+00    -  1.00e+00 1.00e+00h  1
iter    objective    inf_pr   inf_du lg(mu)  ||d||  lg(rg) alpha_du alpha_pr  ls
 740  2.6818795e+02 4.06e-01 2.55e+03   0.0 3.91e+00    -  1.00e+00 1.00e+00H  1
 741  2.6602606e+02 2.97e+01 2.76e+03   0.0 4.68e+00    -  1.00e+00 1.00e+00f  1
 742  2.6350890e+02 2.54e+00 1.39e+03   0.0 7.80e-01    -  1.00e+00 1.00e+00f  1
 743  2.6484160e+02 2.37e+00 4.25e+02   0.0 8.11e-01    -  1.00e+00 1.00e+00f  1
 744  2.6433629e+02 2.13e+00 2.16e+02   0.0 1.61e+00    -  1.00e+00 1.00e+00h  1
 745  2.6428122e+02 2.42e+00 1.33e+03   0.0 5.95e+00    -  1.00e+00 1.00e+00h  1
 746  2.6690957e+02 2.52e-01 3.86e+03   0.0 1.90e+01    -  1.00e+00 1.00e+00H  1
 747  2.6690767e+02 2.52e-01 3.86e+03   0.0 4.05e+00    -  1.00e+00 4.88e-04h 12
 748  2.6582184e+02 3.01e+01 1.86e+02   0.0 5.89e+00    -  1.00e+00 1.00e+00f  1
 749  2.6450752e+02 1.38e+01 5.58e+02   0.0 7.33e+00    -  1.00e+00 5.00e-01h  2
iter    objective    inf_pr   inf_du lg(mu)  ||d||  lg(rg) alpha_du alpha_pr  ls
 750  2.6577578e+02 2.82e+01 2.16e+03   0.0 1.15e+01    -  1.00e+00 1.00e+00h  1
 751  2.8132037e+02 1.43e-01 4.70e+03   0.0 2.12e+01    -  1.00e+00 1.00e+00H  1
 752  2.6572132e+02 1.34e+01 1.01e+03   0.0 1.61e+01    -  1.00e+00 1.00e+00f  1
 753  2.6463534e+02 2.45e-01 3.24e+02   0.0 8.27e-01    -  1.00e+00 1.00e+00h  1
 754  2.6472989e+02 2.00e-01 3.36e+02   0.0 2.47e+00    -  1.00e+00 1.00e+00f  1
 755  2.6492580e+02 1.82e-01 3.76e+02   0.0 2.30e+00    -  1.00e+00 1.00e+00h  1
 756  2.6518952e+02 8.74e-01 1.09e+03   0.0 3.94e+01    -  1.00e+00 1.25e-01f  4
 757  2.6512709e+02 3.39e+00 1.98e+03   0.0 3.88e+01    -  1.00e+00 2.50e-01f  3
 758  2.6982613e+02 3.55e-02 3.96e+03   0.0 5.81e+01    -  1.00e+00 1.00e+00H  1
 759  2.6744460e+02 1.15e+01 2.65e+03   0.0 4.90e+01    -  1.00e+00 5.00e-01f  2
iter    objective    inf_pr   inf_du lg(mu)  ||d||  lg(rg) alpha_du alpha_pr  ls
 760  2.3488350e+02 2.96e+01 1.15e+03  -0.1 1.02e+01    -  1.00e+00 2.50e-01f  3
 761  2.3107006e+02 2.96e+01 2.16e+02  -0.1 1.47e+01    -  1.00e+00 1.00e+00f  1
 762  2.4748166e+02 1.01e+00 7.12e+02  -0.1 2.67e+01    -  1.00e+00 1.00e+00H  1
 763  2.3859650e+02 8.54e+00 8.04e+02  -0.1 2.16e+01    -  1.00e+00 1.00e+00f  1
 764  2.3958452e+02 2.03e+00 1.12e+03  -0.1 3.36e+01    -  1.00e+00 1.00e+00H  1
 765  2.2790951e+02 3.13e-01 6.54e+02  -0.1 2.05e+01    -  1.00e+00 1.00e+00F  1
 766  2.3433055e+02 2.28e+00 4.74e+01  -0.1 1.45e+01    -  1.00e+00 5.00e-01f  2
 767  2.3264299e+02 9.14e-01 1.34e+02  -0.1 3.97e+00    -  1.00e+00 1.00e+00f  1
 768  2.2818353e+02 1.20e+01 1.51e+02  -0.1 1.40e+00    -  1.00e+00 1.00e+00f  1
 769  2.2976176e+02 1.21e+01 6.03e+01  -0.1 1.16e+00    -  1.00e+00 1.00e+00h  1
iter    objective    inf_pr   inf_du lg(mu)  ||d||  lg(rg) alpha_du alpha_pr  ls
 770  2.3013027e+02 2.40e+00 2.08e+02  -0.1 1.74e-01    -  1.00e+00 1.00e+00h  1
 771  2.2988277e+02 1.41e-03 4.31e+01  -0.1 1.97e-01    -  1.00e+00 1.00e+00h  1
 772  1.9585208e+02 1.09e+01 2.70e+02  -0.2 2.97e+00    -  1.00e+00 1.00e+00f  1
 773  1.8397015e+02 7.81e-01 2.83e+02  -0.3 1.67e+00    -  1.00e+00 1.00e+00f  1
 774  1.7953452e+02 6.28e-01 6.08e+02  -0.3 8.44e-01    -  1.00e+00 1.00e+00f  1
 775  1.7886626e+02 2.97e-01 8.27e+02  -0.3 9.61e-01    -  1.00e+00 1.00e+00h  1
 776  8.9835252e+02 1.65e+02 3.02e+03   0.6 7.68e+01    -  1.00e+00 5.00e-01f  2
 777  7.1723896e+02 5.96e+01 4.95e+02   0.5 4.03e+00    -  1.00e+00 1.00e+00f  1
 778  6.7201691e+02 3.87e+01 2.24e+03   0.5 1.71e+00    -  1.00e+00 1.00e+00f  1
 779  7.1342362e+02 2.86e+01 9.59e+02   0.5 1.53e+00    -  1.00e+00 1.00e+00h  1
iter    objective    inf_pr   inf_du lg(mu)  ||d||  lg(rg) alpha_du alpha_pr  ls
 780  7.0733899e+02 2.59e+01 2.76e+03   0.5 2.47e+00    -  1.00e+00 1.00e+00f  1
 781  7.1546860e+02 2.85e+01 3.50e+03   0.5 2.46e+00    -  1.00e+00 1.00e+00f  1
 782  7.2589263e+02 2.87e+01 1.28e+03   0.5 1.94e+00    -  1.00e+00 1.00e+00f  1
 783  7.3158403e+02 2.58e+00 1.10e+03   0.5 1.97e+00    -  1.00e+00 1.00e+00h  1
 784  7.3579052e+02 5.16e-01 4.83e+03   0.5 7.88e+00    -  1.00e+00 1.00e+00H  1
 785  7.2576090e+02 2.97e+01 4.32e+03   0.5 2.48e+00    -  1.00e+00 1.00e+00f  1
 786  7.4139775e+02 3.01e+01 6.14e+02   0.5 7.75e-01    -  1.00e+00 1.00e+00f  1
 787  7.4393478e+02 3.26e-01 8.07e+02   0.5 2.22e+00    -  1.00e+00 1.00e+00h  1
 788  7.3255180e+02 1.47e-01 5.10e+03   0.5 9.52e+00    -  1.00e+00 1.00e+00H  1
 789  7.2628105e+02 1.76e+00 5.54e+03   0.5 6.47e+00    -  1.00e+00 1.00e+00f  1
iter    objective    inf_pr   inf_du lg(mu)  ||d||  lg(rg) alpha_du alpha_pr  ls
 790  7.5374175e+02 2.40e-01 1.33e+03   0.5 2.43e+00    -  1.00e+00 1.00e+00f  1
 791  7.5016789e+02 2.24e-01 5.26e+02   0.5 9.09e-01    -  1.00e+00 1.00e+00f  1
 792  7.4397432e+02 2.87e+01 9.17e+02   0.5 2.44e+00    -  1.00e+00 1.00e+00h  1
 793  7.4409605e+02 1.57e+01 1.68e+03   0.5 6.72e+00    -  1.00e+00 5.00e-01h  2
 794  7.4799521e+02 3.14e-01 1.78e+03   0.5 2.91e+00    -  1.00e+00 1.00e+00h  1
 795  7.4906119e+02 1.92e-01 1.40e+03   0.5 2.95e+00    -  1.00e+00 5.00e-01f  2
 796  7.4810309e+02 1.11e-01 7.31e+02   0.5 1.84e+00    -  1.00e+00 1.00e+00h  1
 797  7.4811990e+02 1.68e+00 8.60e+02   0.5 2.98e+00    -  1.00e+00 1.00e+00f  1
 798  7.5208673e+02 2.17e+00 9.10e+02   0.5 3.02e+00    -  1.00e+00 1.00e+00h  1
 799  7.4871528e+02 2.16e+00 9.49e+02   0.5 1.97e+00    -  1.00e+00 1.00e+00h  1
iter    objective    inf_pr   inf_du lg(mu)  ||d||  lg(rg) alpha_du alpha_pr  ls
 800  7.5173330e+02 2.13e+00 5.99e+02   0.5 1.36e+00    -  1.00e+00 1.00e+00h  1
 801  7.5093931e+02 7.89e-01 4.95e+02   0.5 1.44e+00    -  1.00e+00 1.00e+00h  1
 802  7.5165415e+02 7.64e-02 3.21e+02   0.5 1.83e+00    -  1.00e+00 1.00e+00h  1
 803  7.5086630e+02 3.14e-01 5.64e+02   0.5 1.70e+00    -  1.00e+00 1.00e+00h  1
 804  7.5142550e+02 2.87e+01 6.95e+02   0.5 2.90e+00    -  1.00e+00 5.00e-01h  2
 805  7.5187604e+02 8.06e-03 2.23e+02   0.5 6.53e-01    -  1.00e+00 1.00e+00h  1
 806  7.5244813e+02 1.36e+00 4.81e+01   0.5 9.12e-01    -  1.00e+00 1.00e+00h  1
 807  7.5214055e+02 1.30e+00 1.38e+02   0.5 1.09e+00    -  1.00e+00 1.00e+00h  1
 808  7.5253827e+02 2.36e-03 3.97e+02   0.5 3.42e+00    -  1.00e+00 1.00e+00H  1
 809  3.0580025e+02 1.02e+02 7.26e+03  -0.1 3.31e+01    -  7.27e-01 5.00e-01f  2
iter    objective    inf_pr   inf_du lg(mu)  ||d||  lg(rg) alpha_du alpha_pr  ls
 810  2.9300089e+02 2.74e+01 2.03e+03   0.1 5.36e+00    -  1.00e+00 1.00e+00f  1
 811  3.1552903e+02 2.94e+01 7.75e+02   0.1 1.92e+00    -  1.00e+00 1.00e+00f  1
 812  3.0488107e+02 1.46e+01 9.12e+02   0.1 3.65e+00    -  1.00e+00 1.00e+00h  1
 813  2.8698867e+02 2.94e+01 2.95e+03   0.1 1.07e+01    -  1.00e+00 1.00e+00f  1
 814  2.7872542e+02 1.46e+01 4.73e+03   0.1 6.82e+00    -  1.00e+00 1.00e+00f  1
 815  2.9029640e+02 2.15e+00 2.26e+03   0.1 2.57e+00    -  1.00e+00 1.00e+00f  1
 816  2.8493480e+02 1.04e+01 1.03e+02   0.1 1.21e+00    -  1.00e+00 1.00e+00f  1
 817  2.8324634e+02 2.42e+00 2.25e+02   0.1 1.29e+00    -  1.00e+00 1.00e+00h  1
 818  2.8457875e+02 2.97e+01 4.27e+03   0.1 1.78e+01    -  1.00e+00 5.00e-01f  2
 819  2.9137746e+02 1.21e+00 1.32e+04   0.1 2.34e+01    -  1.00e+00 1.00e+00H  1
iter    objective    inf_pr   inf_du lg(mu)  ||d||  lg(rg) alpha_du alpha_pr  ls
 820  2.8465461e+02 3.09e-01 9.61e+03   0.1 5.36e+00    -  1.00e+00 1.00e+00F  1
 821  2.7951573e+02 3.02e+01 4.23e+02   0.1 9.97e+00    -  1.00e+00 1.00e+00f  1
 822  2.8744444e+02 1.14e+01 1.08e+03   0.1 3.03e+00    -  1.00e+00 1.00e+00h  1
 823  2.8142473e+02 1.24e+01 9.31e+02   0.1 1.94e+00    -  1.00e+00 1.00e+00f  1
 824  2.8052297e+02 2.13e+00 3.52e+02   0.1 1.32e+00    -  1.00e+00 1.00e+00h  1
 825  2.8095732e+02 2.07e+00 9.37e+02   0.1 1.88e+00    -  1.00e+00 1.00e+00h  1
 826  2.8356827e+02 8.17e-03 2.45e+03   0.1 5.63e+00    -  1.00e+00 1.00e+00H  1
 827  2.8163544e+02 3.29e-01 1.52e+03   0.1 2.07e+00    -  1.00e+00 1.00e+00f  1
 828  2.8013357e+02 2.14e+00 1.00e+02   0.1 1.52e+00    -  1.00e+00 1.00e+00h  1
 829  2.8004851e+02 1.14e+01 5.10e+02   0.1 8.75e-01    -  1.00e+00 1.00e+00h  1
iter    objective    inf_pr   inf_du lg(mu)  ||d||  lg(rg) alpha_du alpha_pr  ls
 830  2.8074331e+02 1.52e-01 4.31e+02   0.1 8.49e-01    -  1.00e+00 1.00e+00H  1
 831  2.8076303e+02 1.78e-01 1.72e+02   0.1 1.13e+00    -  1.00e+00 1.00e+00h  1
 832  2.8069199e+02 2.38e-02 8.69e+02   0.1 2.36e+00    -  1.00e+00 1.00e+00H  1
 833  2.8036237e+02 5.77e-02 1.03e+03   0.1 8.41e-01    -  1.00e+00 1.00e+00h  1
 834  2.8039047e+02 5.69e-02 2.89e+02   0.1 2.88e-01    -  1.00e+00 1.00e+00h  1
 835  2.8044613e+02 5.28e-01 2.07e+02   0.1 7.98e-01    -  1.00e+00 1.00e+00h  1
 836  2.8191323e+02 7.44e-03 2.49e+03   0.1 5.82e+00    -  1.00e+00 1.00e+00H  1
 837  4.2544343e+02 2.99e+01 6.99e+03   0.3 8.64e+01    -  1.00e+00 1.12e-01f  4
 838  3.8606277e+02 3.04e+01 2.30e+03   0.2 2.30e+00    -  1.00e+00 1.00e+00f  1
 839  3.5379767e+02 2.28e+00 1.75e+03   0.2 3.95e+00    -  1.00e+00 1.00e+00f  1
iter    objective    inf_pr   inf_du lg(mu)  ||d||  lg(rg) alpha_du alpha_pr  ls
 840  3.6472907e+02 8.70e-01 3.88e+02   0.2 1.90e+00    -  1.00e+00 1.00e+00h  1
 841  3.7178801e+02 2.98e+01 6.01e+01   0.2 1.40e+00    -  1.00e+00 1.00e+00h  1
 842  3.6773694e+02 2.12e+00 9.86e+01   0.2 1.08e+00    -  1.00e+00 1.00e+00h  1
 843  3.6513794e+02 2.40e+00 4.86e+02   0.2 1.10e+00    -  1.00e+00 1.00e+00h  1
 844  3.6785512e+02 2.42e+00 2.32e+02   0.2 3.26e-01    -  1.00e+00 1.00e+00h  1
 845  3.6919379e+02 2.42e+00 3.25e+01   0.2 3.74e-01    -  1.00e+00 1.00e+00h  1
 846  3.6936470e+02 2.20e-01 8.44e+01   0.2 1.01e+00    -  1.00e+00 1.00e+00h  1
 847  3.7002295e+02 2.86e+01 2.96e+01   0.2 2.90e+00    -  1.00e+00 1.00e+00h  1
 848  3.7116248e+02 2.14e+01 1.56e+02   0.2 5.93e+00    -  1.00e+00 2.50e-01h  3
 849  3.7022939e+02 2.85e+01 3.93e+02   0.2 6.74e-01    -  1.00e+00 1.00e+00h  1
iter    objective    inf_pr   inf_du lg(mu)  ||d||  lg(rg) alpha_du alpha_pr  ls
 850  3.6998502e+02 1.28e+00 3.41e+01   0.2 6.99e-01    -  1.00e+00 1.00e+00h  1
 851  3.6999146e+02 2.86e+01 1.93e+01   0.2 6.18e-01    -  1.00e+00 1.00e+00h  1
 852  3.6986500e+02 4.22e-02 1.61e+02   0.2 9.44e-01    -  1.00e+00 1.00e+00h  1
 853  3.7049093e+02 2.21e-02 1.79e+02   0.2 7.33e-01    -  1.00e+00 1.00e+00h  1
 854  3.7008795e+02 1.51e-02 4.15e+01   0.2 4.82e-01    -  1.00e+00 1.00e+00h  1
 855  3.7007471e+02 7.72e-03 7.54e+01   0.2 1.50e-01    -  1.00e+00 1.00e+00h  1
 856  3.7006170e+02 1.06e-03 2.07e+01   0.2 1.52e-01    -  1.00e+00 1.00e+00h  1
 857  2.2890346e+02 1.49e+02 3.45e+03  -5.8 8.23e+00    -  6.08e-01 1.00e+00f  1
 858  2.0719885e+02 1.64e+02 1.79e+03  -0.3 9.10e+00    -  1.00e+00 1.00e+00f  1
 859  2.0410939e+02 2.33e+00 9.37e+02  -0.3 6.95e-01    -  1.00e+00 1.00e+00h  1
iter    objective    inf_pr   inf_du lg(mu)  ||d||  lg(rg) alpha_du alpha_pr  ls
 860  1.9695608e+02 2.99e+01 2.24e+02  -0.3 8.30e-01    -  1.00e+00 1.00e+00f  1
 861  1.8786636e+02 2.75e+01 8.78e+02  -0.3 1.99e+00    -  1.00e+00 1.00e+00f  1
 862  1.8719304e+02 2.96e+01 9.25e+02  -0.3 1.50e+00    -  1.00e+00 1.00e+00h  1
 863  1.8991728e+02 1.74e+00 8.23e+01  -0.3 5.91e-01    -  1.00e+00 1.00e+00h  1
 864  1.8815813e+02 1.29e+00 5.14e+01  -0.3 2.89e-01    -  1.00e+00 1.00e+00h  1
 865  1.4997001e+02 3.68e+01 1.18e+03  -6.3 4.93e+00    -  9.08e-01 1.00e+00f  1
 866  1.3634612e+02 1.63e+02 3.00e+03  -1.4 1.25e+01    -  1.00e+00 5.04e-01f  1
 867  3.3364172e+02 2.12e+02 1.35e+03  -1.4 8.16e+00    -  3.86e-01 8.32e-01H  1
 868  1.2147764e+02 3.27e+02 1.46e+03  -1.4 5.76e+00    -  2.00e-01 1.00e+00f  1
 869  1.4952643e+02 3.41e+02 8.93e+03   0.6 1.25e+02    -  1.00e+00 1.56e-02f  2
iter    objective    inf_pr   inf_du lg(mu)  ||d||  lg(rg) alpha_du alpha_pr  ls
 870  5.4570233e+02 1.13e+02 1.46e+03   0.5 2.05e+01    -  7.94e-01 1.00e+00f  1
 871  8.4017953e+02 1.21e+02 1.79e+03   0.5 9.47e+00    -  1.00e+00 1.00e+00f  1
 872  6.9890120e+02 2.46e+01 2.40e+03   0.5 4.27e+00    -  1.00e+00 1.00e+00f  1
 873  6.3557895e+02 4.71e+01 1.63e+03   0.5 3.30e+00    -  1.00e+00 1.00e+00f  1
 874  6.6948949e+02 2.85e+01 8.65e+02   0.5 1.14e+00    -  1.00e+00 1.00e+00f  1
 875  6.6938932e+02 3.66e+01 8.58e+02   0.5 2.02e+00    -  1.00e+00 1.00e+00f  1
 876  6.7026699e+02 3.54e+01 1.25e+03   0.5 1.42e+00    -  1.00e+00 1.00e+00f  1
 877  6.6495306e+02 3.66e+01 9.68e+02   0.5 1.63e+00    -  1.00e+00 1.00e+00f  1
 878  6.9359559e+02 2.92e+01 2.62e+03   0.5 2.60e+00    -  1.00e+00 1.00e+00h  1
 879  6.8103745e+02 3.07e+01 3.19e+03   0.5 1.97e+00    -  1.00e+00 1.00e+00f  1
slurmstepd: error: *** JOB 12875881 ON nc10243 CANCELLED AT 2023-01-17T11:52:43 DUE TO TIME LIMIT ***
